<?xml version="1.0" encoding="utf-8"?><testsuites name="pytest tests"><testsuite name="pytest" errors="0" failures="1" skipped="0" tests="29" time="8.156" timestamp="2026-07-19T04:25:20.108113+00:00" hostname="agent-env-9bac0fc9-cea9-48ee-84eb-ec425db2bcba"><testcase classname="tests.test_crew_module.TestAuth" name="test_owner_login_by_username" time="0.407" /><testcase classname="tests.test_crew_module.TestAuth" name="test_owner_legacy_login_blank_username" time="0.103" /><testcase classname="tests.test_crew_module.TestAuth" name="test_sales_legacy_login_blank_username" time="0.102" /><testcase classname="tests.test_crew_module.TestAuth" name="test_javante_no_force_change" time="0.337" /><testcase classname="tests.test_crew_module.TestAuth" name="test_junior_still_needs_change_or_already_done" time="0.641" /><testcase classname="tests.test_crew_module.TestAuth" name="test_wrong_password_401" time="0.317" /><testcase classname="tests.test_crew_module.TestUsersTrucks" name="test_list_users_owner" time="0.419" /><testcase classname="tests.test_crew_module.TestUsersTrucks" name="test_users_forbidden_for_crew" time="0.416" /><testcase classname="tests.test_crew_module.TestUsersTrucks" name="test_create_reset_deactivate_user" time="0.288"><failure message="AssertionError: {&quot;detail&quot;:&quot;A user with that email already exists.&quot;}&#10;assert 409 in (200, 201)&#10; +  where 409 = &lt;Response [409]&gt;.status_code">backend/tests/test_crew_module.py:165: in test_create_reset_deactivate_user
    assert r.status_code in (200, 201), r.text
E   AssertionError: {"detail":"A user with that email already exists."}
E   assert 409 in (200, 201)
E    +  where 409 = &lt;Response [409]&gt;.status_code</failure></testcase><testcase classname="tests.test_crew_module.TestUsersTrucks" name="test_crew_rates_roundtrip" time="0.185" /><testcase classname="tests.test_crew_module.TestUsersTrucks" name="test_trucks_list_and_toggle" time="0.299" /><testcase classname="tests.test_crew_module.TestAssignments" name="test_create_appears_in_list" time="0.486" /><testcase classname="tests.test_crew_module.TestAssignments" name="test_edit_arrival_time" time="0.096" /><testcase classname="tests.test_crew_module.TestAssignments" name="test_conflict_returns_409" time="0.103" /><testcase classname="tests.test_crew_module.TestAssignments" name="test_conflict_force_saves" time="0.257" /><testcase classname="tests.test_crew_module.TestCrewWorkflow" name="test_my_jobs_shows_assignment" time="0.092" /><testcase classname="tests.test_crew_module.TestCrewWorkflow" name="test_status_workflow" time="0.384" /><testcase classname="tests.test_crew_module.TestCrewWorkflow" name="test_owner_gets_complete_notification" time="0.094" /><testcase classname="tests.test_crew_module.TestCrewWorkflow" name="test_mark_all_read" time="0.122" /><testcase classname="tests.test_crew_module.TestPhotos" name="test_upload_and_download_photo" time="0.632" /><testcase classname="tests.test_crew_module.TestTimeclock" name="test_clock_in_and_out" time="0.291" /><testcase classname="tests.test_crew_module.TestTimeclock" name="test_owner_timeclock_list" time="0.110" /><testcase classname="tests.test_crew_module.TestTimeclock" name="test_csv_export" time="0.124" /><testcase classname="tests.test_crew_module.TestAvailability" name="test_crew_mark_day_off" time="0.195" /><testcase classname="tests.test_crew_module.TestAvailability" name="test_owner_availability_visible" time="0.092" /><testcase classname="tests.test_crew_module.TestOwnerOnly" name="test_gps_live" time="0.095" /><testcase classname="tests.test_crew_module.TestOwnerOnly" name="test_labor_report" time="0.096" /><testcase classname="tests.test_crew_module.TestOwnerOnly" name="test_crew_blocked_from_owner" time="0.559" /><testcase classname="tests.test_crew_module" name="test_zzz_cleanup" time="0.720" /></testsuite></testsuites>