<?xml version="1.0" encoding="utf-8"?><testsuites name="pytest tests"><testsuite name="pytest" errors="0" failures="0" skipped="0" tests="27" time="2.514" timestamp="2026-08-08T01:59:25.949519+00:00" hostname="agent-env-33fe6187-27bd-409e-930c-6d69ed30c8ca"><testcase classname="tests.test_iter22_refactor_regression.TestAuthRegression" name="test_owner_login_and_me" time="0.488" /><testcase classname="tests.test_iter22_refactor_regression.TestAuthRegression" name="test_garbage_token_rejected" time="0.108" /><testcase classname="tests.test_iter22_refactor_regression.TestAuthRegression" name="test_wrong_signature_rejected" time="0.098" /><testcase classname="tests.test_iter22_refactor_regression.TestAuthRegression" name="test_expired_token_rejected" time="0.103" /><testcase classname="tests.test_iter22_refactor_regression.TestAuthRegression" name="test_no_auth_header_401" time="0.096" /><testcase classname="tests.test_iter22_refactor_regression.TestRoleEnforcement" name="test_crew_ghost_login" time="0.434" /><testcase classname="tests.test_iter22_refactor_regression.TestRoleEnforcement" name="test_crew_ghost_blocked_from_meta_status" time="0.110" /><testcase classname="tests.test_iter22_refactor_regression.TestRoleEnforcement" name="test_crew_ghost_blocked_from_owner_users" time="0.098" /><testcase classname="tests.test_iter22_refactor_regression.TestQuotePdfRegression" name="test_save_and_fetch_quote_pdf" time="0.375" /><testcase classname="tests.test_iter22_refactor_regression.TestQuotePdfRegression" name="test_pdf_amounts_helper_math" time="0.331" /><testcase classname="tests.test_iter22_refactor_regression.TestQuotePdfRegression" name="test_pdf_amounts_empty_lines_fallback" time="0.000" /><testcase classname="tests.test_iter22_refactor_regression.TestQuotePdfRegression" name="test_bad_quote_token_404" time="0.103" /><testcase classname="tests.test_iter22_refactor_regression.TestMetaCapiRegression" name="test_meta_status_owner_ok" time="0.093" /><testcase classname="tests.test_iter22_refactor_regression.TestMetaCapiRegression" name="test_build_user_data_hashes_pii" time="0.000" /><testcase classname="tests.test_iter22_refactor_regression.TestMetaCapiRegression" name="test_build_user_data_fbclid_reconstruction" time="0.000" /><testcase classname="tests.test_iter22_refactor_regression.TestMetaCapiRegression" name="test_build_user_data_drops_empty_fields" time="0.000" /><testcase classname="tests.test_iter22_refactor_regression.TestMetaCapiRegression" name="test_send_event_skips_when_unconfigured" time="0.001" /><testcase classname="tests.test_iter22_refactor_regression.TestInvoiceToJobsRegression" name="test_payment_pending_non_deposit_marks_pending_only" time="0.000" /><testcase classname="tests.test_iter22_refactor_regression.TestInvoiceToJobsRegression" name="test_payment_pending_deposit_no_op" time="0.000" /><testcase classname="tests.test_iter22_refactor_regression.TestInvoiceToJobsRegression" name="test_paid_deposit_calls_ensure_job" time="0.000" /><testcase classname="tests.test_iter22_refactor_regression.TestInvoiceToJobsRegression" name="test_paid_full_calls_ensure_with_mark_full" time="0.000" /><testcase classname="tests.test_iter22_refactor_regression.TestInvoiceToJobsRegression" name="test_paid_non_deposit_non_full_calls_mark_paid_in_full" time="0.000" /><testcase classname="tests.test_iter22_refactor_regression.TestInvoiceToJobsRegression" name="test_status_draft_is_no_op" time="0.001" /><testcase classname="tests.test_iter22_refactor_regression.TestJobDocHelpers" name="test_job_customer_prefers_invoice_customer" time="0.000" /><testcase classname="tests.test_iter22_refactor_regression.TestJobDocHelpers" name="test_job_customer_falls_back_to_lead" time="0.000" /><testcase classname="tests.test_iter22_refactor_regression.TestJobDocHelpers" name="test_job_paid_in_full_flag_true" time="0.000" /><testcase classname="tests.test_iter22_refactor_regression.TestJobDocHelpers" name="test_job_paid_in_full_flag_false" time="0.000" /></testsuite></testsuites>