<?xml version="1.0" encoding="utf-8"?><testsuites name="pytest tests"><testsuite name="pytest" errors="0" failures="0" skipped="0" tests="31" time="15.208" timestamp="2026-07-21T16:44:32.648417+00:00" hostname="agent-env-33fe6187-27bd-409e-930c-6d69ed30c8ca"><testcase classname="tests.test_team_module.TestBadges" name="test_badges_seeded_27" time="0.537" /><testcase classname="tests.test_team_module.TestBadges" name="test_any_role_can_read_badges" time="1.569" /><testcase classname="tests.test_team_module.TestChallenges" name="test_owner_sees_all_with_is_owner_true" time="0.186" /><testcase classname="tests.test_team_module.TestChallenges" name="test_crew_only_sees_only_crew" time="0.485" /><testcase classname="tests.test_team_module.TestChallenges" name="test_sales_only_sees_only_sales" time="0.137" /><testcase classname="tests.test_team_module.TestChallenges" name="test_marketing_sees_both" time="0.107" /><testcase classname="tests.test_team_module.TestChallenges" name="test_dual_team_javante_sees_both" time="0.127" /><testcase classname="tests.test_team_module.TestDirectoryHidesGhosts" name="test_no_ghost_in_directory" time="0.457" /><testcase classname="tests.test_team_module.TestPrivacy" name="test_crew_viewing_another_gets_no_stats" time="0.242" /><testcase classname="tests.test_team_module.TestPrivacy" name="test_owner_sees_stats_on_everyone" time="0.139" /><testcase classname="tests.test_team_module.TestPrivacy" name="test_self_sees_stats" time="0.444" /><testcase classname="tests.test_team_module.TestProfileMutations" name="test_put_profile_saves" time="0.132" /><testcase classname="tests.test_team_module.TestProfileMutations" name="test_moderate_is_owner_only" time="0.134" /><testcase classname="tests.test_team_module.TestProfileMutations" name="test_pins_reject_locked_badge" time="0.109" /><testcase classname="tests.test_team_module.TestProfileMutations" name="test_pins_cap_at_3" time="1.253" /><testcase classname="tests.test_team_module.TestOwnerOnly403Matrix" name="test_non_owner_gets_403[GET-/credits]" time="0.393" /><testcase classname="tests.test_team_module.TestOwnerOnly403Matrix" name="test_non_owner_gets_403[POST-/credits]" time="0.348" /><testcase classname="tests.test_team_module.TestOwnerOnly403Matrix" name="test_non_owner_gets_403[GET-/credit-prompts]" time="0.329" /><testcase classname="tests.test_team_module.TestOwnerOnly403Matrix" name="test_non_owner_gets_403[POST-/badges]" time="1.057" /><testcase classname="tests.test_team_module.TestOwnerOnly403Matrix" name="test_non_owner_gets_403[PATCH-/badges/first-haul]" time="0.377" /><testcase classname="tests.test_team_module.TestOwnerOnly403Matrix" name="test_non_owner_gets_403[POST-/badges/first-haul/award]" time="0.441" /><testcase classname="tests.test_team_module.TestOwnerOnly403Matrix" name="test_non_owner_gets_403[POST-/challenges]" time="0.391" /><testcase classname="tests.test_team_module.TestOwnerOnly403Matrix" name="test_non_owner_gets_403[PATCH-/challenges/nonexistent]" time="0.380" /><testcase classname="tests.test_team_module.TestOwnerOnly403Matrix" name="test_non_owner_gets_403[DELETE-/challenges/nonexistent]" time="0.741" /><testcase classname="tests.test_team_module.TestOwnerOnly403Matrix" name="test_non_owner_gets_403[POST-/challenges/nonexistent/verify]" time="0.341" /><testcase classname="tests.test_team_module.TestOwnerOnly403Matrix" name="test_non_owner_gets_403[POST-/challenges/nonexistent/award]" time="0.381" /><testcase classname="tests.test_team_module.TestOwnerOnly403Matrix" name="test_non_owner_gets_403[GET-/admin/crew-comparison]" time="0.388" /><testcase classname="tests.test_team_module.TestCreditFlowE2E" name="test_credit_unlocks_badges" time="1.556" /><testcase classname="tests.test_team_module.TestCrewPromptFlow" name="test_assignment_complete_creates_prompt" time="0.992" /><testcase classname="tests.test_team_module.TestChallengeLifecycle" name="test_owner_verified_lifecycle" time="0.743" /><testcase classname="tests.test_team_module.TestFinalRegression" name="test_still_27_badges_and_4_challenges" time="0.221" /></testsuite></testsuites>