<?xml version="1.0" encoding="utf-8"?><testsuites name="pytest tests"><testsuite name="pytest" errors="0" failures="0" skipped="0" tests="28" time="7.920" timestamp="2026-07-21T17:14:55.182184+00:00" hostname="agent-env-33fe6187-27bd-409e-930c-6d69ed30c8ca"><testcase classname="tests.test_commissions_availability_profiletask.TestCommissionMath" name="test_big_move_3500_pct12_returns_420" time="0.786" /><testcase classname="tests.test_commissions_availability_profiletask.TestCommissionMath" name="test_medium_2000_2bedroom_returns_200" time="0.234" /><testcase classname="tests.test_commissions_availability_profiletask.TestCommissionMath" name="test_small_studio_900_returns_flat_40" time="0.129" /><testcase classname="tests.test_commissions_availability_profiletask.TestCommissionMath" name="test_small_labor_only_900_returns_flat_25" time="0.106" /><testcase classname="tests.test_commissions_availability_profiletask.TestCommissionRoleGates" name="test_sales_cannot_flip_payment_flags" time="1.330" /><testcase classname="tests.test_commissions_availability_profiletask.TestCommissionLifecycle" name="test_deposit_paid_pending" time="0.116" /><testcase classname="tests.test_commissions_availability_profiletask.TestCommissionRoleGates" name="test_sales_can_set_attribution_fields" time="0.108" /><testcase classname="tests.test_commissions_availability_profiletask.TestCommissionLifecycle" name="test_report_shows_pending_total" time="0.102" /><testcase classname="tests.test_commissions_availability_profiletask.TestCommissionLifecycle" name="test_fully_paid_locks" time="0.292" /><testcase classname="tests.test_commissions_availability_profiletask.TestCommissionRoleGates" name="test_crew_ghost_403_on_attribution_get" time="0.424" /><testcase classname="tests.test_commissions_availability_profiletask.TestCommissionLifecycle" name="test_refunded_voids" time="0.316" /><testcase classname="tests.test_commissions_availability_profiletask.TestCommissionRoleGates" name="test_crew_ghost_403_on_attribution_put" time="0.142" /><testcase classname="tests.test_commissions_availability_profiletask.TestCommissionRoleGates" name="test_crew_ghost_403_on_report" time="0.152" /><testcase classname="tests.test_commissions_availability_profiletask.TestAvailability" name="test_overview_owner_only" time="0.132" /><testcase classname="tests.test_commissions_availability_profiletask.TestCommissionRoleGates" name="test_crew_ghost_403_on_rates" time="0.638" /><testcase classname="tests.test_commissions_availability_profiletask.TestAvailability" name="test_overview_crew_403" time="0.448" /><testcase classname="tests.test_commissions_availability_profiletask.TestAvailability" name="test_overview_sales_403" time="0.554" /><testcase classname="tests.test_commissions_availability_profiletask.TestAvailability" name="test_owner_mark_junior_off_and_shortage" time="2.600" /><testcase classname="tests.test_commissions_availability_profiletask.TestCommissionRoleGates" name="test_marketing_ghost_403_on_all_commission_endpoints" time="0.801" /><testcase classname="tests.test_commissions_availability_profiletask.TestCommissionRoleGates" name="test_sales_cannot_put_rates" time="0.224" /><testcase classname="tests.test_commissions_availability_profiletask.TestRepScoping" name="test_crew_view_report_403" time="0.429" /><testcase classname="tests.test_commissions_availability_profiletask.TestRepScoping" name="test_sales_view_own_only" time="0.266" /><testcase classname="tests.test_commissions_availability_profiletask.TestProfileTask" name="test_javante_profile_task_flow" time="0.348" /><testcase classname="tests.test_commissions_availability_profiletask.TestProfileTask" name="test_temp_user_auto_complete_via_profile_save" time="1.588" /><testcase classname="tests.test_commissions_availability_profiletask.TestLoginRename" name="test_old_owner_username_fails" time="0.114" /><testcase classname="tests.test_commissions_availability_profiletask.TestLoginRename" name="test_new_owner_username_works" time="0.327" /><testcase classname="tests.test_commissions_availability_profiletask.TestCommissionRates" name="test_owner_edit_big_pct_15_changes_math" time="0.481" /><testcase classname="tests.test_commissions_availability_profiletask" name="test_zzz_cleanup_test_attributions" time="0.623" /></testsuite></testsuites>