<?xml version="1.0" encoding="utf-8"?><testsuites name="pytest tests"><testsuite name="pytest" errors="0" failures="0" skipped="0" tests="23" time="2.623" timestamp="2026-07-22T01:14:23.755202+00:00" hostname="agent-env-33fe6187-27bd-409e-930c-6d69ed30c8ca"><testcase classname="tests.test_iteration14_dispatch.TestDispatchRoleGates" name="test_crew_ghost_forbidden" time="0.678" /><testcase classname="tests.test_iteration14_dispatch.TestDispatchRoleGates" name="test_sales_ghost_forbidden" time="0.427" /><testcase classname="tests.test_iteration14_dispatch.TestDispatchBoardOwner" name="test_board_top_level_shape" time="1.010" /><testcase classname="tests.test_iteration14_dispatch.TestDispatchBoardOwner" name="test_board_is_today_and_date" time="0.000" /><testcase classname="tests.test_iteration14_dispatch.TestDispatchBoardOwner" name="test_board_counts_match_qa_state" time="0.000" /><testcase classname="tests.test_iteration14_dispatch.TestDispatchBoardOwner" name="test_board_revenue_today_zero_square_live" time="0.000" /><testcase classname="tests.test_iteration14_dispatch.TestDispatchBoardOwner" name="test_qa_assignments_present_and_behind" time="0.000" /><testcase classname="tests.test_iteration14_dispatch.TestDispatchBoardOwner" name="test_montclair_has_crew_and_truck" time="0.000" /><testcase classname="tests.test_iteration14_dispatch.TestDispatchBoardOwner" name="test_hoboken_no_crew_no_truck" time="0.000" /><testcase classname="tests.test_iteration14_dispatch.TestCrewAndTruckPool" name="test_crew_pool_has_javante_with_jobs_today" time="0.000" /><testcase classname="tests.test_iteration14_dispatch.TestCrewAndTruckPool" name="test_crew_pool_has_junior" time="0.000" /><testcase classname="tests.test_iteration14_dispatch.TestCrewAndTruckPool" name="test_truck_pool_truck1_on_montclair" time="0.000" /><testcase classname="tests.test_iteration14_dispatch.TestCrewAndTruckPool" name="test_truck_pool_others_free" time="0.000" /><testcase classname="tests.test_iteration14_dispatch.TestBehindLogic" name="test_create_future_arrival_not_behind" time="0.422" /><testcase classname="tests.test_iteration14_dispatch.TestDispatchRoleGates" name="test_marketing_ghost_forbidden" time="0.431" /><testcase classname="tests.test_iteration14_dispatch.TestBehindLogic" name="test_in_progress_excluded_from_behind_counted_active" time="0.189" /><testcase classname="tests.test_iteration14_dispatch.TestDispatchRoleGates" name="test_no_auth_forbidden" time="0.143" /><testcase classname="tests.test_iteration14_dispatch.TestBehindLogic" name="test_cleanup_temp_assignment" time="0.110" /><testcase classname="tests.test_iteration14_dispatch.TestBehindLogic" name="test_qa_assignments_still_present_after_cleanup" time="0.272" /><testcase classname="tests.test_iteration14_dispatch.TestDateParam" name="test_future_date_empty_not_today" time="0.427" /><testcase classname="tests.test_iteration14_dispatch.TestAssignmentConflictFlow" name="test_conflict_409_with_warnings" time="0.157" /><testcase classname="tests.test_iteration14_dispatch.TestDateParam" name="test_date_param_preserves_pools" time="0.103" /><testcase classname="tests.test_iteration14_dispatch.TestAssignmentConflictFlow" name="test_hoboken_still_has_no_crew_after_409" time="0.110" /></testsuite></testsuites>