<?xml version="1.0" encoding="utf-8"?><testsuites name="pytest tests"><testsuite name="pytest" errors="0" failures="0" skipped="5" tests="11" time="1.291" timestamp="2026-08-05T01:03:43.416975+00:00" hostname="agent-env-33fe6187-27bd-409e-930c-6d69ed30c8ca"><testcase classname="tests.test_iter19_capi_fixes" name="test_owner_login" time="0.570" /><testcase classname="tests.test_iter19_capi_fixes" name="test_capi_status" time="0.073" /><testcase classname="tests.test_iter19_capi_fixes" name="test_list_leads" time="0.072"><skipped type="pytest.skip" message="Airtable not configured in preview (503)">/app/backend/tests/test_iter19_capi_fixes.py:94: Airtable not configured in preview (503)</skipped></testcase><testcase classname="tests.test_iter19_capi_fixes" name="test_capi_test_unauth" time="0.145" /><testcase classname="tests.test_iter19_capi_fixes" name="test_capi_test_skipped" time="0.064" /><testcase classname="tests.test_iter19_capi_fixes" name="test_capi_test_bogus_lead" time="0.063" /><testcase classname="tests.test_iter19_capi_fixes" name="test_tally_bad_signature" time="0.190" /><testcase classname="tests.test_iter19_capi_fixes" name="test_patch_to_contacted_no_fire" time="0.057"><skipped type="pytest.skip" message="Airtable not configured in preview (503): {&quot;detail&quot;:{&quot;error&quot;:&quot;missing_key&quot;,&quot;message&quot;:&quot;Airtable key is not set. Add AIRTABLE_API_KEY in the secrets panel, then press Refresh.&quot;}}">/app/backend/tests/test_iter19_capi_fixes.py:131: Airtable not configured in preview (503): {"detail":{"error":"missing_key","message":"Airtable key is not set. Add AIRTABLE_API_KEY in the secrets panel, then press Refresh."}}</skipped></testcase><testcase classname="tests.test_iter19_capi_fixes" name="test_patch_back_to_quoted" time="0.000"><skipped type="pytest.skip" message="Airtable not configured in preview (503): {&quot;detail&quot;:{&quot;error&quot;:&quot;missing_key&quot;,&quot;message&quot;:&quot;Airtable key is not set. Add AIRTABLE_API_KEY in the secrets panel, then press Refresh.&quot;}}">/app/backend/tests/test_iter19_capi_fixes.py:145: Airtable not configured in preview (503): {"detail":{"error":"missing_key","message":"Airtable key is not set. Add AIRTABLE_API_KEY in the secrets panel, then press Refresh."}}</skipped></testcase><testcase classname="tests.test_iter19_capi_fixes" name="test_patch_to_booked_fires_schedule" time="0.000"><skipped type="pytest.skip" message="Airtable not configured in preview (503): {&quot;detail&quot;:{&quot;error&quot;:&quot;missing_key&quot;,&quot;message&quot;:&quot;Airtable key is not set. Add AIRTABLE_API_KEY in the secrets panel, then press Refresh.&quot;}}">/app/backend/tests/test_iter19_capi_fixes.py:156: Airtable not configured in preview (503): {"detail":{"error":"missing_key","message":"Airtable key is not set. Add AIRTABLE_API_KEY in the secrets panel, then press Refresh."}}</skipped></testcase><testcase classname="tests.test_iter19_capi_fixes" name="test_patch_booked_again_no_fire" time="0.000"><skipped type="pytest.skip" message="Airtable not configured in preview (503): {&quot;detail&quot;:{&quot;error&quot;:&quot;missing_key&quot;,&quot;message&quot;:&quot;Airtable key is not set. Add AIRTABLE_API_KEY in the secrets panel, then press Refresh.&quot;}}">/app/backend/tests/test_iter19_capi_fixes.py:174: Airtable not configured in preview (503): {"detail":{"error":"missing_key","message":"Airtable key is not set. Add AIRTABLE_API_KEY in the secrets panel, then press Refresh."}}</skipped></testcase></testsuite></testsuites>