<?xml version="1.0" encoding="utf-8"?><testsuites name="pytest tests"><testsuite name="pytest" errors="0" failures="0" skipped="0" tests="39" time="5.450" timestamp="2026-07-22T00:46:59.352785+00:00" hostname="agent-env-33fe6187-27bd-409e-930c-6d69ed30c8ca"><testcase classname="tests.test_iteration13_gmail_meta.TestGmailConnect" name="test_owner_connect_contact_unconfigured_422" time="0.625" /><testcase classname="tests.test_iteration13_gmail_meta.TestMetaStatus" name="test_owner_gets_status_with_redirect_uri" time="0.765" /><testcase classname="tests.test_iteration13_gmail_meta.TestGmailConnect" name="test_owner_connect_owner_mailbox_unconfigured_422" time="0.120" /><testcase classname="tests.test_iteration13_gmail_meta.TestGmailConnect" name="test_sales_forbidden_on_connect" time="0.556" /><testcase classname="tests.test_iteration13_gmail_meta.TestMetaStatus" name="test_marketing_gets_status_without_redirect_uri" time="0.878" /><testcase classname="tests.test_iteration13_gmail_meta.TestGmailConnect" name="test_marketing_forbidden_on_connect" time="1.528" /><testcase classname="tests.test_iteration13_gmail_meta.TestMetaStatus" name="test_sales_forbidden_on_status" time="0.421" /><testcase classname="tests.test_iteration13_gmail_meta.TestMetaStatus" name="test_crew_forbidden_on_status" time="0.470" /><testcase classname="tests.test_iteration13_gmail_meta.TestMetaFeed" name="test_owner_gets_empty_feed" time="0.129" /><testcase classname="tests.test_iteration13_gmail_meta.TestMetaFeed" name="test_marketing_gets_empty_feed" time="0.115" /><testcase classname="tests.test_iteration13_gmail_meta.TestMetaFeed" name="test_sales_forbidden_on_feed" time="0.122" /><testcase classname="tests.test_iteration13_gmail_meta.TestMetaFeed" name="test_crew_forbidden_on_feed" time="0.253" /><testcase classname="tests.test_iteration13_gmail_meta.TestGmailConnect" name="test_crew_forbidden_on_connect" time="0.430" /><testcase classname="tests.test_iteration13_gmail_meta.TestMetaRefresh" name="test_owner_no_tokens_returns_404" time="0.170" /><testcase classname="tests.test_iteration13_gmail_meta.TestMetaConnect" name="test_owner_unconfigured_returns_422" time="0.116" /><testcase classname="tests.test_iteration13_gmail_meta.TestMetaRefresh" name="test_marketing_no_tokens_returns_404" time="0.102" /><testcase classname="tests.test_iteration13_gmail_meta.TestMetaConnect" name="test_marketing_forbidden_on_connect" time="0.112" /><testcase classname="tests.test_iteration13_gmail_meta.TestMetaRefresh" name="test_sales_forbidden_on_refresh" time="0.098" /><testcase classname="tests.test_iteration13_gmail_meta.TestMetaConnect" name="test_sales_forbidden_on_connect" time="0.118" /><testcase classname="tests.test_iteration13_gmail_meta.TestMetaRefresh" name="test_crew_forbidden_on_refresh" time="0.095" /><testcase classname="tests.test_iteration13_gmail_meta.TestMetaConnect" name="test_crew_forbidden_on_connect" time="0.115" /><testcase classname="tests.test_iteration13_gmail_meta.TestMetaDisconnect" name="test_owner_nothing_connected_returns_404" time="0.453" /><testcase classname="tests.test_iteration13_gmail_meta.TestGmailStatus" name="test_owner_sees_both_mailboxes_with_redirect_uri" time="0.111" /><testcase classname="tests.test_iteration13_gmail_meta.TestGmailStatus" name="test_sales_sees_only_contact_no_redirect_uri" time="0.106" /><testcase classname="tests.test_iteration13_gmail_meta.TestGmailStatus" name="test_marketing_sees_only_contact_no_redirect_uri" time="0.104" /><testcase classname="tests.test_iteration13_gmail_meta.TestGmailStatus" name="test_crew_forbidden_on_gmail_status" time="0.128" /><testcase classname="tests.test_iteration13_gmail_meta.TestMetaDisconnect" name="test_marketing_forbidden_on_disconnect" time="0.149" /><testcase classname="tests.test_iteration13_gmail_meta.TestAlertsRegression" name="test_owner_alerts" time="0.126" /><testcase classname="tests.test_iteration13_gmail_meta.TestMetaDisconnect" name="test_sales_forbidden_on_disconnect" time="0.101" /><testcase classname="tests.test_iteration13_gmail_meta.TestAlertsRegression" name="test_sales_alerts" time="0.094" /><testcase classname="tests.test_iteration13_gmail_meta.TestMetaDisconnect" name="test_crew_forbidden_on_disconnect" time="0.104" /><testcase classname="tests.test_iteration13_gmail_meta.TestAlertsRegression" name="test_marketing_alerts" time="0.107" /><testcase classname="tests.test_iteration13_gmail_meta.TestMetaOAuthCallback" name="test_no_params_redirects_to_denied" time="0.107" /><testcase classname="tests.test_iteration13_gmail_meta.TestAlertsRegression" name="test_crew_forbidden_alerts" time="0.125" /><testcase classname="tests.test_iteration13_gmail_meta.TestMetaOAuthCallback" name="test_bad_state_redirects_to_expired" time="0.099" /><testcase classname="tests.test_iteration13_gmail_meta.TestGmailMessages" name="test_owner_contact_messages_not_connected_409" time="0.107" /><testcase classname="tests.test_iteration13_gmail_meta.TestMetaOAuthCallback" name="test_error_param_redirects_to_denied" time="0.105" /><testcase classname="tests.test_iteration13_gmail_meta.TestGmailMessages" name="test_owner_owner_mailbox_messages_not_connected_409" time="0.112" /><testcase classname="tests.test_iteration13_gmail_meta.TestGmailMessages" name="test_sales_owner_mailbox_returns_404_not_authorized" time="0.144" /></testsuite></testsuites>