<?xml version="1.0" encoding="utf-8"?><testsuites name="pytest tests"><testsuite name="pytest" errors="0" failures="0" skipped="0" tests="20" time="5.940" timestamp="2026-07-21T17:31:24.375166+00:00" hostname="agent-env-33fe6187-27bd-409e-930c-6d69ed30c8ca"><testcase classname="tests.test_iteration12_alerts_webhooks.TestZapierWebhook" name="test_bad_token_401" time="0.446" /><testcase classname="tests.test_iteration12_alerts_webhooks.TestRoleGates" name="test_owner_can_list_alerts" time="0.622" /><testcase classname="tests.test_iteration12_alerts_webhooks.TestZapierWebhook" name="test_no_token_401" time="0.112" /><testcase classname="tests.test_iteration12_alerts_webhooks.TestRoleGates" name="test_sales_can_list_alerts" time="0.609" /><testcase classname="tests.test_iteration12_alerts_webhooks.TestZapierWebhook" name="test_review_happy_path" time="0.766" /><testcase classname="tests.test_iteration12_alerts_webhooks.TestZapierWebhook" name="test_new_lead_pretty_title" time="0.339" /><testcase classname="tests.test_iteration12_alerts_webhooks.TestRoleGates" name="test_marketing_can_list_alerts" time="0.488" /><testcase classname="tests.test_iteration12_alerts_webhooks.TestZapierWebhook" name="test_invalid_kind_falls_back_to_custom" time="0.385" /><testcase classname="tests.test_iteration12_alerts_webhooks.TestRoleGates" name="test_crew_forbidden_on_list" time="0.423" /><testcase classname="tests.test_iteration12_alerts_webhooks.TestZapierWebhook" name="test_external_id_dedupe" time="0.371" /><testcase classname="tests.test_iteration12_alerts_webhooks.TestRoleGates" name="test_crew_forbidden_on_unread_count" time="0.126" /><testcase classname="tests.test_iteration12_alerts_webhooks.TestRoleGates" name="test_crew_forbidden_on_mark_read" time="0.121" /><testcase classname="tests.test_iteration12_alerts_webhooks.TestRoleGates" name="test_sales_can_mark_read" time="0.104" /><testcase classname="tests.test_iteration12_alerts_webhooks.TestWebhookInfoAccess" name="test_owner_gets_webhook_info" time="0.104" /><testcase classname="tests.test_iteration12_alerts_webhooks.TestRoleGates" name="test_marketing_can_mark_read" time="0.159" /><testcase classname="tests.test_iteration12_alerts_webhooks.TestReadTracking" name="test_read_marker_isolation" time="1.660" /><testcase classname="tests.test_iteration12_alerts_webhooks.TestWebhookInfoAccess" name="test_sales_forbidden_on_webhook_info" time="0.526" /><testcase classname="tests.test_iteration12_alerts_webhooks.TestWebhookInfoAccess" name="test_marketing_forbidden_on_webhook_info" time="0.499" /><testcase classname="tests.test_iteration12_alerts_webhooks.TestWebhookInfoAccess" name="test_crew_forbidden_on_webhook_info" time="0.426" /><testcase classname="tests.test_iteration12_alerts_webhooks.TestReadTracking" name="test_list_alerts_unread_flag_matches_unread_count" time="1.290" /></testsuite></testsuites>