<?xml version="1.0" encoding="utf-8"?><testsuites name="pytest tests"><testsuite name="pytest" errors="0" failures="0" skipped="0" tests="23" time="8.668" timestamp="2026-07-22T01:35:50.507545+00:00" hostname="agent-env-33fe6187-27bd-409e-930c-6d69ed30c8ca"><testcase classname="tests.test_iteration15_checklists_timeline.TestChecklistShape" name="test_owner_gets_5_lists_25_items" time="0.571" /><testcase classname="tests.test_iteration15_checklists_timeline.TestChecklistShape" name="test_crew_on_job_allowed" time="0.443" /><testcase classname="tests.test_iteration15_checklists_timeline.TestChecklistShape" name="test_crew_not_on_job_forbidden" time="0.428" /><testcase classname="tests.test_iteration15_checklists_timeline.TestChecklistShape" name="test_testcrew_ghost_not_on_job_forbidden" time="0.447" /><testcase classname="tests.test_iteration15_checklists_timeline.TestChecklistShape" name="test_sales_ghost_forbidden" time="0.439" /><testcase classname="tests.test_iteration15_checklists_timeline.TestChecklistToggleAutoAdvance" name="test_complete_arrival_advances_status" time="0.996" /><testcase classname="tests.test_iteration15_checklists_timeline.TestChecklistToggleAutoAdvance" name="test_uncheck_arrival_item_no_backwards" time="0.220" /><testcase classname="tests.test_iteration15_checklists_timeline.TestChecklistToggleAutoAdvance" name="test_recheck_arrival_no_advance_since_already_arrived" time="0.113" /><testcase classname="tests.test_iteration15_checklists_timeline.TestChecklistToggleAutoAdvance" name="test_no_backwards_warehouse_toggle" time="0.491" /><testcase classname="tests.test_iteration15_checklists_timeline.TestChecklistToggleAutoAdvance" name="test_bad_list_key_404" time="0.103" /><testcase classname="tests.test_iteration15_checklists_timeline.TestChecklistToggleAutoAdvance" name="test_bad_idx_404" time="0.106" /><testcase classname="tests.test_iteration15_checklists_timeline.TestTimeline" name="test_timeline_owner_ok_and_shape" time="0.105" /><testcase classname="tests.test_iteration15_checklists_timeline.TestTimeline" name="test_timeline_javante_ok" time="0.110" /><testcase classname="tests.test_iteration15_checklists_timeline.TestTimeline" name="test_timeline_junior_forbidden" time="0.101" /><testcase classname="tests.test_iteration15_checklists_timeline.TestJobEventsFromPatch" name="test_add_and_remove_crew_and_truck_hoboken" time="0.942" /><testcase classname="tests.test_iteration15_checklists_timeline.TestDispatchChecklistFields" name="test_montclair_checklist_counts" time="0.122" /><testcase classname="tests.test_iteration15_checklists_timeline.TestUsernameLoginAndCreateUser" name="test_create_with_username_no_at" time="0.336" /><testcase classname="tests.test_iteration15_checklists_timeline.TestUsernameLoginAndCreateUser" name="test_username_login_ok" time="0.325" /><testcase classname="tests.test_iteration15_checklists_timeline.TestUsernameLoginAndCreateUser" name="test_create_with_space_422" time="0.104" /><testcase classname="tests.test_iteration15_checklists_timeline.TestUsernameLoginAndCreateUser" name="test_create_duplicate_409" time="0.098" /><testcase classname="tests.test_iteration15_checklists_timeline.TestUsernameLoginAndCreateUser" name="test_z_cleanup_qa_user" time="0.198" /><testcase classname="tests.test_iteration15_checklists_timeline.TestUnscheduledClockInFlag" name="test_testcrew_clock_in_flag_and_notif" time="1.459" /><testcase classname="tests.test_iteration15_checklists_timeline.TestUnscheduledClockInFlag" name="test_javante_scheduled_no_flag" time="0.321" /></testsuite></testsuites>