<?xml version="1.0" encoding="utf-8"?><testsuites name="pytest tests"><testsuite name="pytest" errors="0" failures="1" skipped="5" tests="371" time="107.883" timestamp="2026-08-08T01:53:48.636365+00:00" hostname="agent-env-33fe6187-27bd-409e-930c-6d69ed30c8ca"><testcase classname="tests.test_auth.TestRoles" name="test_sales_login_returns_sales_role" time="15.134" /><testcase classname="tests.test_iteration17_portal" name="test_track_public_ok" time="35.800" /><testcase classname="tests.test_auth.TestRoles" name="test_employee_login_returns_employee_role" time="0.121" /><testcase classname="tests.test_auth.TestRoles" name="test_owner_login_returns_owner_role" time="0.096" /><testcase classname="tests.test_auth.TestRoles" name="test_sales_blocked_from_money_tables" time="0.501" /><testcase classname="tests.test_auth.TestRoles" name="test_employee_blocked_from_other_tables" time="0.492" /><testcase classname="tests.test_auth.TestRoles" name="test_sales_can_reach_leads_route" time="0.233" /><testcase classname="tests.test_auth.TestRoles" name="test_employee_can_reach_projects_and_tasks" time="0.283" /><testcase classname="tests.test_auth.TestRoles" name="test_airtable_verify_is_owner_only" time="0.212" /><testcase classname="tests.test_auth.TestRoles" name="test_delete_is_owner_only" time="0.394" /><testcase classname="tests.test_auth.TestRoles" name="test_owner_delete_passes_role_check" time="0.189" /><testcase classname="tests.test_auth.TestRoles" name="test_business_settings_put_is_owner_only" time="0.199" /><testcase classname="tests.test_auth.TestRoles" name="test_business_settings_roundtrip_for_owner" time="0.409" /><testcase classname="tests.test_auth.TestRoles" name="test_square_invoice_is_owner_only" time="0.385" /><testcase classname="tests.test_auth.TestRoles" name="test_square_invoice_validation" time="0.280" /><testcase classname="tests.test_auth.TestRoles" name="test_square_status_reports_config" time="0.198" /><testcase classname="tests.test_team_module.TestOwnerOnly403Matrix" name="test_non_owner_gets_403[GET-/credits]" time="1.317" /><testcase classname="tests.test_team_module.TestOwnerOnly403Matrix" name="test_non_owner_gets_403[POST-/credits]" time="0.307" /><testcase classname="tests.test_team_module.TestOwnerOnly403Matrix" name="test_non_owner_gets_403[GET-/credit-prompts]" time="0.300" /><testcase classname="tests.test_team_module.TestOwnerOnly403Matrix" name="test_non_owner_gets_403[POST-/badges]" time="0.290" /><testcase classname="tests.test_team_module.TestOwnerOnly403Matrix" name="test_non_owner_gets_403[PATCH-/badges/first-haul]" time="0.303" /><testcase classname="tests.test_team_module.TestOwnerOnly403Matrix" name="test_non_owner_gets_403[POST-/badges/first-haul/award]" time="0.303" /><testcase classname="tests.test_team_module.TestOwnerOnly403Matrix" name="test_non_owner_gets_403[POST-/challenges]" time="0.317" /><testcase classname="tests.test_team_module.TestOwnerOnly403Matrix" name="test_non_owner_gets_403[PATCH-/challenges/nonexistent]" time="0.288" /><testcase classname="tests.test_team_module.TestOwnerOnly403Matrix" name="test_non_owner_gets_403[DELETE-/challenges/nonexistent]" time="0.300" /><testcase classname="tests.test_team_module.TestOwnerOnly403Matrix" name="test_non_owner_gets_403[POST-/challenges/nonexistent/verify]" time="0.303" /><testcase classname="tests.test_team_module.TestOwnerOnly403Matrix" name="test_non_owner_gets_403[POST-/challenges/nonexistent/award]" time="0.310" /><testcase classname="tests.test_team_module.TestOwnerOnly403Matrix" name="test_non_owner_gets_403[GET-/admin/crew-comparison]" time="0.377" /><testcase classname="tests.test_iter19_capi_fixes" name="test_owner_login" time="0.384" /><testcase classname="tests.test_iter19_capi_fixes" name="test_capi_status" time="0.058" /><testcase classname="tests.test_iter19_capi_fixes" name="test_list_leads" time="0.049"><skipped type="pytest.skip" message="Airtable not configured in preview (503)">/app/backend/tests/test_iter19_capi_fixes.py:94: Airtable not configured in preview (503)</skipped></testcase><testcase classname="tests.test_iter19_capi_fixes" name="test_capi_test_unauth" time="0.095" /><testcase classname="tests.test_iter19_capi_fixes" name="test_capi_test_skipped" time="0.057" /><testcase classname="tests.test_iter19_capi_fixes" name="test_capi_test_bogus_lead" time="0.049" /><testcase classname="tests.test_iter19_capi_fixes" name="test_tally_bad_signature" time="0.110" /><testcase classname="tests.test_iter19_capi_fixes" name="test_patch_to_contacted_no_fire" time="0.047"><skipped type="pytest.skip" message="Airtable not configured in preview (503): {&quot;detail&quot;:{&quot;error&quot;:&quot;missing_key&quot;,&quot;message&quot;:&quot;Airtable key is not set. Add AIRTABLE_API_KEY in the secrets panel, then press Refresh.&quot;}}">/app/backend/tests/test_iter19_capi_fixes.py:131: Airtable not configured in preview (503): {"detail":{"error":"missing_key","message":"Airtable key is not set. Add AIRTABLE_API_KEY in the secrets panel, then press Refresh."}}</skipped></testcase><testcase classname="tests.test_iter19_capi_fixes" name="test_patch_back_to_quoted" time="0.000"><skipped type="pytest.skip" message="Airtable not configured in preview (503): {&quot;detail&quot;:{&quot;error&quot;:&quot;missing_key&quot;,&quot;message&quot;:&quot;Airtable key is not set. Add AIRTABLE_API_KEY in the secrets panel, then press Refresh.&quot;}}">/app/backend/tests/test_iter19_capi_fixes.py:145: Airtable not configured in preview (503): {"detail":{"error":"missing_key","message":"Airtable key is not set. Add AIRTABLE_API_KEY in the secrets panel, then press Refresh."}}</skipped></testcase><testcase classname="tests.test_iter19_capi_fixes" name="test_patch_to_booked_fires_schedule" time="0.000"><skipped type="pytest.skip" message="Airtable not configured in preview (503): {&quot;detail&quot;:{&quot;error&quot;:&quot;missing_key&quot;,&quot;message&quot;:&quot;Airtable key is not set. Add AIRTABLE_API_KEY in the secrets panel, then press Refresh.&quot;}}">/app/backend/tests/test_iter19_capi_fixes.py:156: Airtable not configured in preview (503): {"detail":{"error":"missing_key","message":"Airtable key is not set. Add AIRTABLE_API_KEY in the secrets panel, then press Refresh."}}</skipped></testcase><testcase classname="tests.test_iter19_capi_fixes" name="test_patch_booked_again_no_fire" time="0.000"><skipped type="pytest.skip" message="Airtable not configured in preview (503): {&quot;detail&quot;:{&quot;error&quot;:&quot;missing_key&quot;,&quot;message&quot;:&quot;Airtable key is not set. Add AIRTABLE_API_KEY in the secrets panel, then press Refresh.&quot;}}">/app/backend/tests/test_iter19_capi_fixes.py:174: Airtable not configured in preview (503): {"detail":{"error":"missing_key","message":"Airtable key is not set. Add AIRTABLE_API_KEY in the secrets panel, then press Refresh."}}</skipped></testcase><testcase classname="tests.test_commissions_availability_profiletask.TestCommissionRoleGates" name="test_sales_cannot_flip_payment_flags" time="0.933" /><testcase classname="tests.test_commissions_availability_profiletask.TestCommissionRoleGates" name="test_sales_can_set_attribution_fields" time="0.127" /><testcase classname="tests.test_commissions_availability_profiletask.TestCommissionRoleGates" name="test_crew_ghost_403_on_attribution_get" time="0.517" /><testcase classname="tests.test_commissions_availability_profiletask.TestCommissionRoleGates" name="test_crew_ghost_403_on_attribution_put" time="0.112" /><testcase classname="tests.test_commissions_availability_profiletask.TestCommissionRoleGates" name="test_crew_ghost_403_on_report" time="0.164" /><testcase classname="tests.test_commissions_availability_profiletask.TestCommissionRoleGates" name="test_crew_ghost_403_on_rates" time="0.094" /><testcase classname="tests.test_commissions_availability_profiletask.TestCommissionRoleGates" name="test_marketing_ghost_403_on_all_commission_endpoints" time="0.644" /><testcase classname="tests.test_commissions_availability_profiletask.TestCommissionRoleGates" name="test_sales_cannot_put_rates" time="0.200" /><testcase classname="tests.test_iteration12_alerts_webhooks.TestRoleGates" name="test_owner_can_list_alerts" time="0.519" /><testcase classname="tests.test_iteration12_alerts_webhooks.TestRoleGates" name="test_sales_can_list_alerts" time="0.473" /><testcase classname="tests.test_iteration12_alerts_webhooks.TestRoleGates" name="test_marketing_can_list_alerts" time="0.420" /><testcase classname="tests.test_iteration12_alerts_webhooks.TestRoleGates" name="test_crew_forbidden_on_list" time="0.664" /><testcase classname="tests.test_iteration12_alerts_webhooks.TestRoleGates" name="test_crew_forbidden_on_unread_count" time="0.091" /><testcase classname="tests.test_iteration12_alerts_webhooks.TestRoleGates" name="test_crew_forbidden_on_mark_read" time="0.207" /><testcase classname="tests.test_iteration12_alerts_webhooks.TestRoleGates" name="test_sales_can_mark_read" time="0.108" /><testcase classname="tests.test_iteration12_alerts_webhooks.TestRoleGates" name="test_marketing_can_mark_read" time="0.167" /><testcase classname="tests.test_iteration16_fleet.TestDamage" name="test_crew_report_damage_notifies_owner" time="1.181" /><testcase classname="tests.test_iteration16_fleet.TestDamage" name="test_empty_description_422" time="0.159" /><testcase classname="tests.test_iteration16_fleet.TestDamage" name="test_crew_cannot_list_damage" time="0.096" /><testcase classname="tests.test_iteration16_fleet.TestDamage" name="test_owner_can_list_damage" time="0.324" /><testcase classname="tests.test_iteration16_fleet.TestDamage" name="test_open_damage_count_reflected" time="0.098" /><testcase classname="tests.test_iteration16_fleet.TestDamage" name="test_resolve_damage" time="0.213" /><testcase classname="tests.test_iteration16_fleet.TestDamage" name="test_reopen_damage" time="0.206" /><testcase classname="tests.test_iteration16_fleet.TestDamage" name="test_z_final_resolve_cleanup" time="0.215" /><testcase classname="tests.test_auth.TestMe" name="test_me_with_valid_token" time="0.267" /><testcase classname="tests.test_auth.TestMe" name="test_me_without_auth_header_returns_401" time="0.104" /><testcase classname="tests.test_auth.TestMe" name="test_me_with_garbage_token_returns_401" time="0.105" /><testcase classname="tests.test_auth.TestMe" name="test_me_with_malformed_auth_header_returns_401" time="0.105" /><testcase classname="tests.test_auth.TestMe" name="test_me_with_token_signed_by_wrong_secret" time="1.131" /><testcase classname="tests.test_auth.TestMe" name="test_me_with_expired_token" time="0.089" /><testcase classname="tests.test_auth.TestMe" name="test_me_with_wrong_token_type" time="0.098" /><testcase classname="tests.test_iteration14_dispatch.TestDispatchBoardOwner" name="test_board_top_level_shape" time="0.530" /><testcase classname="tests.test_iteration14_dispatch.TestDispatchBoardOwner" name="test_board_is_today_and_date" time="0.000" /><testcase classname="tests.test_iteration14_dispatch.TestDispatchBoardOwner" name="test_board_counts_match_qa_state" time="0.000" /><testcase classname="tests.test_iteration14_dispatch.TestDispatchBoardOwner" name="test_board_revenue_today_zero_square_live" time="0.000" /><testcase classname="tests.test_iteration14_dispatch.TestDispatchBoardOwner" name="test_qa_assignments_present_and_behind" time="0.000" /><testcase classname="tests.test_iteration14_dispatch.TestDispatchBoardOwner" name="test_montclair_has_crew_and_truck" time="0.000" /><testcase classname="tests.test_iteration14_dispatch.TestDispatchBoardOwner" name="test_hoboken_no_crew_no_truck" time="0.000" /><testcase classname="tests.test_iteration17_portal" name="test_track_bad_token_404" time="0.173" /><testcase classname="tests.test_iteration16_fleet.TestPhotos" name="test_crew_upload_inspection_photo" time="1.433" /><testcase classname="tests.test_iteration17_portal" name="test_portal_details_save_and_overwrite" time="0.619" /><testcase classname="tests.test_iteration16_fleet.TestPhotos" name="test_owner_can_stream_photo" time="0.400" /><testcase classname="tests.test_iteration17_portal" name="test_portal_details_truncates_600" time="0.413" /><testcase classname="tests.test_iteration16_fleet.TestPhotos" name="test_crew_can_stream_photo" time="0.313" /><testcase classname="tests.test_iteration17_portal" name="test_upload_bad_kind_422" time="0.103" /><testcase classname="tests.test_iteration17_portal" name="test_upload_bad_mime_422" time="0.113" /><testcase classname="tests.test_iteration17_portal" name="test_upload_pdf_inventory_and_photo_and_throttle" time="1.598" /><testcase classname="tests.test_iteration16_fleet.TestPhotos" name="test_sales_cannot_stream_photo" time="0.200" /><testcase classname="tests.test_iteration16_fleet.TestPhotos" name="test_bad_kind_422" time="0.103" /><testcase classname="tests.test_iteration16_fleet.TestPhotos" name="test_non_image_422" time="0.124" /><testcase classname="tests.test_iteration16_fleet.TestPhotos" name="test_photo_id_appears_in_inspection_list" time="0.225" /><testcase classname="tests.test_todo_blog_sharing.TestNonOwnerTableAccess" name="test_crew_has_table_access_gets_503_no_403[tasks]" time="0.408" /><testcase classname="tests.test_todo_blog_sharing.TestNonOwnerTableAccess" name="test_crew_has_table_access_gets_503_no_403[blog]" time="0.103" /><testcase classname="tests.test_iteration17_portal" name="test_upload_wrong_id_404" time="0.228" /><testcase classname="tests.test_todo_blog_sharing.TestNonOwnerTableAccess" name="test_marketing_has_table_access_gets_503_no_403[tasks]" time="0.661" /><testcase classname="tests.test_iteration17_portal" name="test_upload_wrong_token_404" time="0.212" /><testcase classname="tests.test_todo_blog_sharing.TestNonOwnerTableAccess" name="test_marketing_has_table_access_gets_503_no_403[blog]" time="0.143" /><testcase classname="tests.test_iteration17_portal" name="test_upload_too_big_422" time="13.718" /><testcase classname="tests.test_todo_blog_sharing.TestNonOwnerTableAccess" name="test_sales_has_table_access_gets_503_no_403[tasks]" time="0.253" /><testcase classname="tests.test_todo_blog_sharing.TestNonOwnerTableAccess" name="test_sales_has_table_access_gets_503_no_403[blog]" time="0.092" /><testcase classname="tests.test_todo_blog_sharing.TestNonOwnerTableAccess" name="test_marketing_still_403_on_leads" time="0.100" /><testcase classname="tests.test_crew_module.TestAuth" name="test_owner_login_by_username" time="0.445" /><testcase classname="tests.test_crew_module.TestAuth" name="test_owner_legacy_login_blank_username" time="0.094" /><testcase classname="tests.test_crew_module.TestAuth" name="test_sales_legacy_login_blank_username" time="0.102" /><testcase classname="tests.test_crew_module.TestAuth" name="test_javante_no_force_change" time="0.324" /><testcase classname="tests.test_crew_module.TestAuth" name="test_junior_still_needs_change_or_already_done" time="0.684" /><testcase classname="tests.test_crew_module.TestAuth" name="test_wrong_password_401" time="0.321" /><testcase classname="tests.test_iteration12_alerts_webhooks.TestZapierWebhook" name="test_bad_token_401" time="0.109" /><testcase classname="tests.test_iteration12_alerts_webhooks.TestZapierWebhook" name="test_no_token_401" time="0.104" /><testcase classname="tests.test_iteration12_alerts_webhooks.TestZapierWebhook" name="test_review_happy_path" time="0.635" /><testcase classname="tests.test_iteration12_alerts_webhooks.TestZapierWebhook" name="test_new_lead_pretty_title" time="0.211" /><testcase classname="tests.test_iteration12_alerts_webhooks.TestZapierWebhook" name="test_invalid_kind_falls_back_to_custom" time="0.221" /><testcase classname="tests.test_iteration12_alerts_webhooks.TestZapierWebhook" name="test_external_id_dedupe" time="0.374" /><testcase classname="tests.test_iteration15_checklists_timeline.TestChecklistToggleAutoAdvance" name="test_complete_arrival_advances_status" time="1.418" /><testcase classname="tests.test_iteration15_checklists_timeline.TestChecklistToggleAutoAdvance" name="test_uncheck_arrival_item_no_backwards" time="0.236" /><testcase classname="tests.test_iteration15_checklists_timeline.TestChecklistToggleAutoAdvance" name="test_recheck_arrival_no_advance_since_already_arrived" time="0.116" /><testcase classname="tests.test_iteration15_checklists_timeline.TestChecklistToggleAutoAdvance" name="test_no_backwards_warehouse_toggle" time="1.506" /><testcase classname="tests.test_iteration15_checklists_timeline.TestChecklistToggleAutoAdvance" name="test_bad_list_key_404" time="0.105" /><testcase classname="tests.test_iteration15_checklists_timeline.TestChecklistToggleAutoAdvance" name="test_bad_idx_404" time="0.098" /><testcase classname="tests.test_iteration16_fleet.TestInspections" name="test_crew_pass_bumps_mileage" time="1.044" /><testcase classname="tests.test_iteration16_fleet.TestInspections" name="test_crew_fail_flips_status_and_notifies" time="0.522" /><testcase classname="tests.test_iteration16_fleet.TestInspections" name="test_list_inspections_owner_full" time="0.104" /><testcase classname="tests.test_iteration16_fleet.TestInspections" name="test_list_inspections_crew_limited" time="0.101" /><testcase classname="tests.test_iteration16_fleet.TestInspections" name="test_sales_forbidden_post" time="0.211" /><testcase classname="tests.test_iteration16_fleet.TestInspections" name="test_marketing_forbidden_get" time="0.193" /><testcase classname="tests.test_iteration16_fleet.TestTruckLogs" name="test_owner_add_maintenance" time="0.106" /><testcase classname="tests.test_iteration16_fleet.TestTruckLogs" name="test_owner_add_fuel" time="0.100" /><testcase classname="tests.test_iteration16_fleet.TestTruckLogs" name="test_invalid_kind" time="0.098" /><testcase classname="tests.test_iteration16_fleet.TestTruckLogs" name="test_get_logs_totals" time="0.107" /><testcase classname="tests.test_iteration16_fleet.TestTruckLogs" name="test_crew_forbidden" time="0.526" /><testcase classname="tests.test_iteration16_fleet.TestTruckLogs" name="test_z_delete_logs" time="0.354" /><testcase classname="tests.test_marketing_module.TestMarketingPermissions" name="test_marketing_overview" time="0.528" /><testcase classname="tests.test_marketing_module.TestMarketingPermissions" name="test_marketing_ad_spend_list" time="0.098" /><testcase classname="tests.test_marketing_module.TestMarketingPermissions" name="test_marketing_thresholds_get" time="0.097" /><testcase classname="tests.test_marketing_module.TestMarketingPermissions" name="test_marketing_review_requests" time="0.119" /><testcase classname="tests.test_marketing_module.TestMarketingPermissions" name="test_marketing_forbidden_margin" time="0.098" /><testcase classname="tests.test_marketing_module.TestMarketingPermissions" name="test_marketing_forbidden_leads_table" time="0.103" /><testcase classname="tests.test_marketing_module.TestAdSpendCRUD" name="test_create_ad_spend" time="0.117" /><testcase classname="tests.test_marketing_module.TestAdSpendCRUD" name="test_get_after_create" time="0.093" /><testcase classname="tests.test_marketing_module.TestAdSpendCRUD" name="test_create_ad_spend_zero_amount" time="0.095" /><testcase classname="tests.test_marketing_module.TestAdSpendCRUD" name="test_create_ad_spend_missing_campaign" time="0.105" /><testcase classname="tests.test_marketing_module.TestAdSpendCRUD" name="test_create_ad_spend_bad_date_range" time="0.105" /><testcase classname="tests.test_marketing_module.TestAdSpendCRUD" name="test_delete_ad_spend" time="0.209" /><testcase classname="tests.test_auth.TestLogin" name="test_login_wrong_password_returns_401" time="0.093" /><testcase classname="tests.test_auth.TestLogin" name="test_login_correct_password_returns_jwt" time="0.119" /><testcase classname="tests.test_auth.TestLogin" name="test_login_empty_body_returns_422" time="0.099" /><testcase classname="tests.test_auth.TestLogin" name="test_login_missing_password_field_returns_422" time="0.096" /><testcase classname="tests.test_auth.TestLogin" name="test_login_empty_password_string_returns_401" time="0.155" /><testcase classname="tests.test_auth.TestProtectedRoutes" name="test_leads_without_token_returns_401" time="0.091" /><testcase classname="tests.test_auth.TestProtectedRoutes" name="test_leads_with_token_passes_auth_and_returns_503_missing_key" time="0.102" /><testcase classname="tests.test_auth.TestProtectedRoutes" name="test_health_without_token_returns_401" time="0.098" /><testcase classname="tests.test_auth.TestProtectedRoutes" name="test_health_with_token_returns_200" time="0.139" /><testcase classname="tests.test_iteration17_portal" name="test_tip_creates_square_link" time="0.574" /><testcase classname="tests.test_auth.TestProtectedRoutes" name="test_unknown_table_returns_404" time="0.096" /><testcase classname="tests.test_crew_module.TestUsersTrucks" name="test_list_users_owner" time="0.427" /><testcase classname="tests.test_iteration17_portal" name="test_tip_bad_amounts" time="0.563" /><testcase classname="tests.test_crew_module.TestUsersTrucks" name="test_users_forbidden_for_crew" time="0.417" /><testcase classname="tests.test_crew_module.TestUsersTrucks" name="test_create_reset_deactivate_user" time="1.719" /><testcase classname="tests.test_iteration17_portal" name="test_review_bad_ratings" time="0.475" /><testcase classname="tests.test_iteration17_portal" name="test_review_three_stars_no_link" time="0.637" /><testcase classname="tests.test_iteration17_portal" name="test_owner_portal_uploads" time="0.370" /><testcase classname="tests.test_iteration17_portal" name="test_owner_portal_uploads_forbidden_for_crew" time="0.415" /><testcase classname="tests.test_crew_module.TestUsersTrucks" name="test_crew_rates_roundtrip" time="0.205" /><testcase classname="tests.test_crew_module.TestUsersTrucks" name="test_trucks_list_and_toggle" time="0.373" /><testcase classname="tests.test_iteration17_portal" name="test_integrations_owner_alert_phone_roundtrip" time="0.192" /><testcase classname="tests.test_iteration17_portal" name="test_owner_notifications_have_portal" time="0.047" /><testcase classname="tests.test_iteration15_checklists_timeline.TestChecklistShape" name="test_owner_gets_5_lists_25_items" time="0.543" /><testcase classname="tests.test_iteration13_gmail_meta.TestGmailConnect" name="test_owner_connect_contact_unconfigured_422" time="0.628" /><testcase classname="tests.test_iteration13_gmail_meta.TestGmailConnect" name="test_owner_connect_owner_mailbox_unconfigured_422" time="0.230" /><testcase classname="tests.test_iteration15_checklists_timeline.TestChecklistShape" name="test_crew_on_job_allowed" time="0.419" /><testcase classname="tests.test_iteration13_gmail_meta.TestGmailConnect" name="test_sales_forbidden_on_connect" time="0.551" /><testcase classname="tests.test_iteration15_checklists_timeline.TestChecklistShape" name="test_crew_not_on_job_forbidden" time="0.552" /><testcase classname="tests.test_iteration13_gmail_meta.TestGmailConnect" name="test_marketing_forbidden_on_connect" time="0.552" /><testcase classname="tests.test_iteration15_checklists_timeline.TestChecklistShape" name="test_testcrew_ghost_not_on_job_forbidden" time="0.775" /><testcase classname="tests.test_iteration13_gmail_meta.TestGmailConnect" name="test_crew_forbidden_on_connect" time="0.421" /><testcase classname="tests.test_iteration15_checklists_timeline.TestUsernameLoginAndCreateUser" name="test_create_with_username_no_at" time="0.469" /><testcase classname="tests.test_iteration15_checklists_timeline.TestChecklistShape" name="test_sales_ghost_forbidden" time="0.570" /><testcase classname="tests.test_iteration15_checklists_timeline.TestUsernameLoginAndCreateUser" name="test_username_login_ok" time="0.323" /><testcase classname="tests.test_iteration15_checklists_timeline.TestUsernameLoginAndCreateUser" name="test_create_with_space_422" time="0.224" /><testcase classname="tests.test_iteration15_checklists_timeline.TestUsernameLoginAndCreateUser" name="test_create_duplicate_409" time="0.138" /><testcase classname="tests.test_iteration16_fleet.TestFleetOverview" name="test_owner_can_list" time="0.640" /><testcase classname="tests.test_iteration15_checklists_timeline.TestUsernameLoginAndCreateUser" name="test_z_cleanup_qa_user" time="0.385" /><testcase classname="tests.test_iteration16_fleet.TestFleetOverview" name="test_crew_forbidden" time="0.426" /><testcase classname="tests.test_iteration16_fleet.TestFleetOverview" name="test_sales_forbidden" time="0.323" /><testcase classname="tests.test_iteration18_refactor_regression.TestLogin" name="test_owner_login" time="0.317" /><testcase classname="tests.test_iteration16_fleet.TestFleetOverview" name="test_truck_card_shape" time="0.000" /><testcase classname="tests.test_iteration16_fleet.TestFleetOverview" name="test_truck2_seeded_state" time="0.000" /><testcase classname="tests.test_team_module.TestChallenges" name="test_owner_sees_all_with_is_owner_true" time="0.541" /><testcase classname="tests.test_iteration18_refactor_regression.TestLogin" name="test_crew_login" time="0.539" /><testcase classname="tests.test_iteration18_refactor_regression.TestLogin" name="test_wrong_password_401" time="0.317" /><testcase classname="tests.test_iteration18_refactor_regression.TestLogin" name="test_legacy_blank_username_owner_password" time="0.222" /><testcase classname="tests.test_iteration18_refactor_regression.TestLogin" name="test_auth_me" time="0.129" /><testcase classname="tests.test_team_module.TestChallenges" name="test_crew_only_sees_only_crew" time="0.660" /><testcase classname="tests.test_team_module.TestChallenges" name="test_sales_only_sees_only_sales" time="0.546" /><testcase classname="tests.test_todo_blog_sharing.TestSetTaskAudience" name="test_owner_sets_audience_filters_invalid_groups_and_sorts" time="0.643" /><testcase classname="tests.test_todo_blog_sharing.TestSetTaskAudience" name="test_reset_to_empty_audience" time="0.326" /><testcase classname="tests.test_team_module.TestChallenges" name="test_marketing_sees_both" time="0.480" /><testcase classname="tests.test_todo_blog_sharing.TestSetTaskAudience" name="test_crew_forbidden" time="0.543" /><testcase classname="tests.test_team_module.TestChallenges" name="test_dual_team_javante_sees_both" time="0.589" /><testcase classname="tests.test_todo_blog_sharing.TestSetTaskAudience" name="test_sales_forbidden" time="0.187" /><testcase classname="tests.test_auth.TestRoleSwitch" name="test_owner_can_switch_to_sales_and_back" time="0.752" /><testcase classname="tests.test_todo_blog_sharing.TestSetTaskAudience" name="test_marketing_forbidden" time="0.187" /><testcase classname="tests.test_commissions_availability_profiletask.TestCommissionMath" name="test_big_move_3500_pct12_returns_420" time="0.536" /><testcase classname="tests.test_auth.TestRoleSwitch" name="test_real_sales_token_cannot_switch" time="0.234" /><testcase classname="tests.test_commissions_availability_profiletask.TestCommissionMath" name="test_medium_2000_2bedroom_returns_200" time="0.111" /><testcase classname="tests.test_commissions_availability_profiletask.TestCommissionMath" name="test_small_studio_900_returns_flat_40" time="0.138" /><testcase classname="tests.test_auth.TestRoleSwitch" name="test_real_employee_token_cannot_switch" time="0.287" /><testcase classname="tests.test_commissions_availability_profiletask.TestCommissionMath" name="test_small_labor_only_900_returns_flat_25" time="0.160" /><testcase classname="tests.test_commissions_availability_profiletask.TestCommissionLifecycle" name="test_deposit_paid_pending" time="0.100" /><testcase classname="tests.test_auth.TestRoleSwitch" name="test_switch_to_unknown_role_rejected" time="0.206" /><testcase classname="tests.test_commissions_availability_profiletask.TestCommissionLifecycle" name="test_report_shows_pending_total" time="0.111" /><testcase classname="tests.test_commissions_availability_profiletask.TestCommissionLifecycle" name="test_fully_paid_locks" time="0.096" /><testcase classname="tests.test_commissions_availability_profiletask.TestCommissionLifecycle" name="test_refunded_voids" time="0.450" /><testcase classname="tests.test_commissions_availability_profiletask.TestAvailability" name="test_overview_owner_only" time="0.440" /><testcase classname="tests.test_commissions_availability_profiletask.TestAvailability" name="test_overview_crew_403" time="0.419" /><testcase classname="tests.test_commissions_availability_profiletask.TestAvailability" name="test_overview_sales_403" time="0.444" /><testcase classname="tests.test_commissions_availability_profiletask.TestAvailability" name="test_owner_mark_junior_off_and_shortage" time="1.692" /><testcase classname="tests.test_crew_module.TestAssignments" name="test_create_appears_in_list" time="1.545" /><testcase classname="tests.test_crew_module.TestAssignments" name="test_edit_arrival_time" time="0.127" /><testcase classname="tests.test_crew_module.TestAssignments" name="test_conflict_returns_409" time="0.103" /><testcase classname="tests.test_crew_module.TestAssignments" name="test_conflict_force_saves" time="0.301" /><testcase classname="tests.test_iteration12_alerts_webhooks.TestWebhookInfoAccess" name="test_owner_gets_webhook_info" time="0.416" /><testcase classname="tests.test_iteration12_alerts_webhooks.TestWebhookInfoAccess" name="test_sales_forbidden_on_webhook_info" time="0.770" /><testcase classname="tests.test_iteration12_alerts_webhooks.TestWebhookInfoAccess" name="test_marketing_forbidden_on_webhook_info" time="0.452" /><testcase classname="tests.test_crew_module.TestCrewWorkflow" name="test_my_jobs_shows_assignment" time="1.536" /><testcase classname="tests.test_iteration12_alerts_webhooks.TestWebhookInfoAccess" name="test_crew_forbidden_on_webhook_info" time="0.645" /><testcase classname="tests.test_crew_module.TestCrewWorkflow" name="test_status_workflow" time="0.406" /><testcase classname="tests.test_crew_module.TestCrewWorkflow" name="test_owner_gets_complete_notification" time="0.241" /><testcase classname="tests.test_crew_module.TestCrewWorkflow" name="test_mark_all_read" time="0.100" /><testcase classname="tests.test_iteration13_gmail_meta.TestMetaStatus" name="test_owner_gets_status_with_redirect_uri" time="0.449" /><testcase classname="tests.test_iteration13_gmail_meta.TestMetaConnect" name="test_owner_unconfigured_returns_422" time="0.542" /><testcase classname="tests.test_iteration13_gmail_meta.TestMetaStatus" name="test_marketing_gets_status_without_redirect_uri" time="0.601" /><testcase classname="tests.test_iteration13_gmail_meta.TestMetaConnect" name="test_marketing_forbidden_on_connect" time="0.542" /><testcase classname="tests.test_iteration13_gmail_meta.TestMetaStatus" name="test_sales_forbidden_on_status" time="0.769" /><testcase classname="tests.test_iteration13_gmail_meta.TestMetaConnect" name="test_sales_forbidden_on_connect" time="0.642" /><testcase classname="tests.test_iteration13_gmail_meta.TestMetaStatus" name="test_crew_forbidden_on_status" time="0.662" /><testcase classname="tests.test_iteration13_gmail_meta.TestMetaConnect" name="test_crew_forbidden_on_connect" time="0.448" /><testcase classname="tests.test_iteration13_gmail_meta.TestMetaFeed" name="test_owner_gets_empty_feed" time="0.097" /><testcase classname="tests.test_iteration13_gmail_meta.TestMetaFeed" name="test_marketing_gets_empty_feed" time="0.093" /><testcase classname="tests.test_iteration13_gmail_meta.TestMetaRefresh" name="test_owner_no_tokens_returns_404" time="0.105" /><testcase classname="tests.test_iteration13_gmail_meta.TestMetaFeed" name="test_sales_forbidden_on_feed" time="0.108" /><testcase classname="tests.test_iteration13_gmail_meta.TestMetaRefresh" name="test_marketing_no_tokens_returns_404" time="0.100" /><testcase classname="tests.test_iteration13_gmail_meta.TestMetaFeed" name="test_crew_forbidden_on_feed" time="0.094" /><testcase classname="tests.test_iteration13_gmail_meta.TestMetaRefresh" name="test_sales_forbidden_on_refresh" time="0.137" /><testcase classname="tests.test_iteration13_gmail_meta.TestMetaDisconnect" name="test_owner_nothing_connected_returns_404" time="0.116" /><testcase classname="tests.test_iteration13_gmail_meta.TestMetaRefresh" name="test_crew_forbidden_on_refresh" time="0.097" /><testcase classname="tests.test_iteration13_gmail_meta.TestMetaDisconnect" name="test_marketing_forbidden_on_disconnect" time="0.097" /><testcase classname="tests.test_iteration13_gmail_meta.TestGmailStatus" name="test_owner_sees_both_mailboxes_with_redirect_uri" time="0.098" /><testcase classname="tests.test_iteration13_gmail_meta.TestMetaDisconnect" name="test_sales_forbidden_on_disconnect" time="0.096" /><testcase classname="tests.test_iteration13_gmail_meta.TestGmailStatus" name="test_sales_sees_only_contact_no_redirect_uri" time="0.101" /><testcase classname="tests.test_iteration13_gmail_meta.TestMetaDisconnect" name="test_crew_forbidden_on_disconnect" time="0.099" /><testcase classname="tests.test_iteration13_gmail_meta.TestGmailStatus" name="test_marketing_sees_only_contact_no_redirect_uri" time="0.095" /><testcase classname="tests.test_iteration13_gmail_meta.TestAlertsRegression" name="test_owner_alerts" time="0.114" /><testcase classname="tests.test_iteration13_gmail_meta.TestGmailStatus" name="test_crew_forbidden_on_gmail_status" time="0.138" /><testcase classname="tests.test_iteration13_gmail_meta.TestAlertsRegression" name="test_sales_alerts" time="0.104" /><testcase classname="tests.test_iteration13_gmail_meta.TestAlertsRegression" name="test_marketing_alerts" time="0.310" /><testcase classname="tests.test_iteration14_dispatch.TestDispatchRoleGates" name="test_crew_ghost_forbidden" time="0.436" /><testcase classname="tests.test_iteration13_gmail_meta.TestAlertsRegression" name="test_crew_forbidden_alerts" time="0.091" /><testcase classname="tests.test_iteration14_dispatch.TestDispatchRoleGates" name="test_sales_ghost_forbidden" time="0.539" /><testcase classname="tests.test_iteration14_dispatch.TestDispatchRoleGates" name="test_marketing_ghost_forbidden" time="0.419" /><testcase classname="tests.test_iteration14_dispatch.TestCrewAndTruckPool" name="test_crew_pool_has_javante_with_jobs_today" time="0.862" /><testcase classname="tests.test_iteration14_dispatch.TestCrewAndTruckPool" name="test_crew_pool_has_junior" time="0.000" /><testcase classname="tests.test_iteration14_dispatch.TestCrewAndTruckPool" name="test_truck_pool_truck1_on_montclair" time="0.000" /><testcase classname="tests.test_iteration14_dispatch.TestCrewAndTruckPool" name="test_truck_pool_others_free" time="0.000" /><testcase classname="tests.test_iteration14_dispatch.TestDispatchRoleGates" name="test_no_auth_forbidden" time="0.224" /><testcase classname="tests.test_iteration14_dispatch.TestBehindLogic" name="test_create_future_arrival_not_behind" time="0.516" /><testcase classname="tests.test_iteration16_fleet.TestTruckPatchExtended" name="test_patch_fleet_fields" time="0.848" /><testcase classname="tests.test_iteration14_dispatch.TestBehindLogic" name="test_in_progress_excluded_from_behind_counted_active" time="0.105" /><testcase classname="tests.test_iteration16_fleet.TestTruckPatchExtended" name="test_invalid_fleet_status" time="0.145" /><testcase classname="tests.test_iteration14_dispatch.TestBehindLogic" name="test_cleanup_temp_assignment" time="0.102" /><testcase classname="tests.test_iteration16_fleet.TestTruckPatchExtended" name="test_regression_name_plate_active" time="0.098" /><testcase classname="tests.test_iteration14_dispatch.TestBehindLogic" name="test_qa_assignments_still_present_after_cleanup" time="0.105" /><testcase classname="tests.test_iteration16_fleet.TestTruckPatchExtended" name="test_crew_cannot_patch" time="0.540" /><testcase classname="tests.test_team_module.TestProfileMutations" name="test_put_profile_saves" time="0.580" /><testcase classname="tests.test_todo_blog_sharing.TestTaskGuards" name="test_crew_cannot_create_task" time="0.421" /><testcase classname="tests.test_team_module.TestProfileMutations" name="test_moderate_is_owner_only" time="0.393" /><testcase classname="tests.test_todo_blog_sharing.TestTaskGuards" name="test_crew_patch_non_status_field_forbidden" time="0.131" /><testcase classname="tests.test_team_module.TestProfileMutations" name="test_pins_reject_locked_badge" time="0.101" /><testcase classname="tests.test_todo_blog_sharing.TestTaskGuards" name="test_crew_patch_status_only_but_not_shared" time="0.104" /><testcase classname="tests.test_team_module.TestProfileMutations" name="test_pins_cap_at_3" time="1.274" /><testcase classname="tests.test_todo_blog_sharing.TestTaskGuards" name="test_crew_patch_status_after_owner_shares_passes_gating" time="0.687" /><testcase classname="tests.test_crew_module.TestTimeclock" name="test_clock_in_and_out" time="0.362" /><testcase classname="tests.test_crew_module.TestTimeclock" name="test_owner_timeclock_list" time="0.112" /><testcase classname="tests.test_crew_module.TestTimeclock" name="test_csv_export" time="0.099" /><testcase classname="tests.test_auth.TestSchema" name="test_schema_requires_auth" time="0.100" /><testcase classname="tests.test_crew_module.TestOwnerOnly" name="test_gps_live" time="0.107" /><testcase classname="tests.test_auth.TestSchema" name="test_schema_role_gating" time="0.287" /><testcase classname="tests.test_crew_module.TestOwnerOnly" name="test_labor_report" time="0.105" /><testcase classname="tests.test_crew_module.TestOwnerOnly" name="test_crew_blocked_from_owner" time="0.588" /><testcase classname="tests.test_auth.TestSchema" name="test_schema_unknown_table" time="0.215" /><testcase classname="tests.test_iteration13_gmail_meta.TestMetaOAuthCallback" name="test_no_params_redirects_to_denied" time="0.094" /><testcase classname="tests.test_iteration13_gmail_meta.TestMetaOAuthCallback" name="test_bad_state_redirects_to_expired" time="0.101" /><testcase classname="tests.test_iteration13_gmail_meta.TestMetaOAuthCallback" name="test_error_param_redirects_to_denied" time="0.094" /><testcase classname="tests.test_iteration15_checklists_timeline.TestTimeline" name="test_timeline_owner_ok_and_shape" time="0.293"><failure message="AssertionError: assert 'created' in {'checklist', 'clock'}">self = &lt;test_iteration15_checklists_timeline.TestTimeline object at 0xf999449a1e10&gt;
owner_token = 'eyJhbGciOiJIUzI1NiIsInR5cCI6IkpXVCJ9.eyJzdWIiOiJoYXVseWVhaGFkbWluIiwidWlkIjoiNmQwYzJjMzEtNGU0MC00NDhiLWJjZDAtNzU3ZjY1OTM3MzIwIiwicm9sZSI6Im93bmVyIiwidHlwZSI6ImFjY2VzcyIsImV4cCI6MTc4ODc0NjA4NX0.tKFrjV03Mxq8yHOnLnKxePnNIyomqLUy3Nqe7wbnGpk'

    def test_timeline_owner_ok_and_shape(self, owner_token):
        r = requests.get(f"{API}/assignments/{MONTCLAIR_ID}/timeline", headers=_auth(owner_token), timeout=30)
        assert r.status_code == 200, r.text
        events = r.json()["events"]
        assert len(events) &gt; 0
        # desc-sorted by 'at'
        ats = [e["at"] for e in events]
        assert ats == sorted(ats, reverse=True)
        kinds = {e["kind"] for e in events}
        # should include created + status + checklist completions
&gt;       assert "created" in kinds
E       AssertionError: assert 'created' in {'checklist', 'clock'}

tests/test_iteration15_checklists_timeline.py:223: AssertionError</failure></testcase><testcase classname="tests.test_iteration13_gmail_meta.TestGmailMessages" name="test_owner_contact_messages_not_connected_409" time="0.416" /><testcase classname="tests.test_iteration15_checklists_timeline.TestTimeline" name="test_timeline_javante_ok" time="0.106" /><testcase classname="tests.test_iteration13_gmail_meta.TestGmailMessages" name="test_owner_owner_mailbox_messages_not_connected_409" time="0.112" /><testcase classname="tests.test_iteration15_checklists_timeline.TestTimeline" name="test_timeline_junior_forbidden" time="0.139" /><testcase classname="tests.test_iteration18_refactor_regression.TestPortalUpload" name="test_upload_png_ok" time="0.481" /><testcase classname="tests.test_iteration13_gmail_meta.TestGmailMessages" name="test_sales_owner_mailbox_returns_404_not_authorized" time="0.464" /><testcase classname="tests.test_marketing_module.TestUserDefaultPassword" name="test_create_user_without_password" time="0.334" /><testcase classname="tests.test_iteration18_refactor_regression.TestPortalUpload" name="test_upload_invalid_kind_422" time="0.242" /><testcase classname="tests.test_iteration18_refactor_regression.TestPortalUpload" name="test_upload_non_image_content_type_422" time="0.099" /><testcase classname="tests.test_marketing_module.TestUserDefaultPassword" name="test_login_with_default_password" time="0.326" /><testcase classname="tests.test_marketing_module.TestUserDefaultPassword" name="test_cleanup_user" time="0.001" /><testcase classname="tests.test_new_features.TestTrucksPlateAndDelete" name="test_list_trucks_exposes_plate" time="0.540" /><testcase classname="tests.test_marketing_module.TestThresholds" name="test_put_thresholds_marketing_forbidden" time="0.768" /><testcase classname="tests.test_marketing_module.TestThresholds" name="test_put_thresholds_owner_success" time="0.199" /><testcase classname="tests.test_new_features.TestTrucksPlateAndDelete" name="test_create_truck_with_plate_then_patch_then_delete" time="0.650" /><testcase classname="tests.test_marketing_module.TestThresholds" name="test_put_thresholds_negative_rejected" time="0.101" /><testcase classname="tests.test_new_features.TestCalendarJobs" name="test_owner_can_read_calendar_current_month" time="0.451" /><testcase classname="tests.test_new_features.TestTrucksPlateAndDelete" name="test_delete_nonexistent_truck_404" time="0.096" /><testcase classname="tests.test_new_features.TestCalendarJobs" name="test_bad_month_param_returns_422" time="0.093" /><testcase classname="tests.test_new_features.TestCalendarJobs" name="test_crew_gets_403_on_calendar" time="0.544" /><testcase classname="tests.test_team_module.TestPrivacy" name="test_crew_viewing_another_gets_no_stats" time="0.641" /><testcase classname="tests.test_team_module.TestPrivacy" name="test_owner_sees_stats_on_everyone" time="0.317" /><testcase classname="tests.test_todo_blog_sharing.TestBlogGuard" name="test_marketing_cannot_patch_blog" time="0.636" /><testcase classname="tests.test_team_module.TestPrivacy" name="test_self_sees_stats" time="0.414" /><testcase classname="tests.test_todo_blog_sharing.TestBlogGuard" name="test_sales_cannot_patch_blog" time="0.194" /><testcase classname="tests.test_commissions_availability_profiletask.TestLoginRename" name="test_old_owner_username_fails" time="0.140" /><testcase classname="tests.test_commissions_availability_profiletask.TestLoginRename" name="test_new_owner_username_works" time="0.500" /><testcase classname="tests.test_todo_blog_sharing.TestBlogGuard" name="test_crew_cannot_create_blog" time="0.543" /><testcase classname="tests.test_commissions_availability_profiletask.TestProfileTask" name="test_javante_profile_task_flow" time="0.760" /><testcase classname="tests.test_commissions_availability_profiletask.TestRepScoping" name="test_crew_view_report_403" time="0.651" /><testcase classname="tests.test_commissions_availability_profiletask.TestProfileTask" name="test_temp_user_auto_complete_via_profile_save" time="1.884" /><testcase classname="tests.test_commissions_availability_profiletask.TestRepScoping" name="test_sales_view_own_only" time="0.964" /><testcase classname="tests.test_crew_module.TestAvailability" name="test_crew_mark_day_off" time="0.413" /><testcase classname="tests.test_crew_module.TestAvailability" name="test_owner_availability_visible" time="0.095" /><testcase classname="tests.test_iteration14_dispatch.TestDateParam" name="test_future_date_empty_not_today" time="0.416" /><testcase classname="tests.test_iteration14_dispatch.TestDateParam" name="test_date_param_preserves_pools" time="0.097" /><testcase classname="tests.test_iteration14_dispatch.TestAssignmentConflictFlow" name="test_conflict_409_with_warnings" time="0.646" /><testcase classname="tests.test_iteration14_dispatch.TestAssignmentConflictFlow" name="test_hoboken_still_has_no_crew_after_409" time="0.101" /><testcase classname="tests.test_iteration12_alerts_webhooks.TestReadTracking" name="test_read_marker_isolation" time="1.763" /><testcase classname="tests.test_iteration15_checklists_timeline.TestUnscheduledClockInFlag" name="test_testcrew_clock_in_flag_and_notif" time="1.488" /><testcase classname="tests.test_iteration12_alerts_webhooks.TestReadTracking" name="test_list_alerts_unread_flag_matches_unread_count" time="0.906" /><testcase classname="tests.test_iteration15_checklists_timeline.TestUnscheduledClockInFlag" name="test_javante_scheduled_no_flag" time="0.762" /><testcase classname="tests.test_iteration18_refactor_regression.TestJobsPatch" name="test_list_jobs" time="0.410" /><testcase classname="tests.test_iteration18_refactor_regression.TestTrackPortal" name="test_public_track_ok" time="0.097" /><testcase classname="tests.test_iteration18_refactor_regression.TestJobsPatch" name="test_patch_job_updates" time="0.202" /><testcase classname="tests.test_iteration18_refactor_regression.TestTrackPortal" name="test_track_bad_token_404" time="0.106" /><testcase classname="tests.test_iteration18_refactor_regression.TestSquareStatus" name="test_owner_gets_status" time="0.244" /><testcase classname="tests.test_iteration18_refactor_regression.TestSquareStatus" name="test_crew_forbidden" time="0.637" /><testcase classname="tests.test_iteration9_notifications_assignments.TestTeamNotificationLifecycle" name="test_full_task_audience_lifecycle" time="2.336" /><testcase classname="tests.test_new_features.TestTimelogStatus" name="test_owner_can_read_status_and_key_is_missing" time="0.459" /><testcase classname="tests.test_new_features.TestTimelogStatus" name="test_crew_gets_403_on_timelog_status" time="0.431" /><testcase classname="tests.test_new_features.TestAssignmentJobSize" name="test_create_assignment_with_job_size_and_verify_calendar" time="0.729" /><testcase classname="tests.test_iteration9_notifications_assignments.TestTeamNotificationLifecycle" name="test_sales_legacy_token_returns_items" time="0.392" /><testcase classname="tests.test_new_features.TestAssignmentJobSize" name="test_invalid_job_size_rejected" time="0.318" /><testcase classname="tests.test_marketing_module.TestReviewRequestsPatch" name="test_patch_review_received_and_stars" time="0.588" /><testcase classname="tests.test_team_module.TestBadges" name="test_badges_seeded_27" time="0.092" /><testcase classname="tests.test_team_module.TestBadges" name="test_any_role_can_read_badges" time="0.606" /><testcase classname="tests.test_marketing_module.TestReviewRequestsPatch" name="test_patch_stars_out_of_range" time="0.333" /><testcase classname="tests.test_commissions_availability_profiletask" name="test_zzz_cleanup_test_attributions" time="0.993" /><testcase classname="tests.test_commissions_availability_profiletask.TestCommissionRates" name="test_owner_edit_big_pct_15_changes_math" time="1.007" /><testcase classname="tests.test_crew_module.TestPhotos" name="test_upload_and_download_photo" time="0.735" /><testcase classname="tests.test_crew_module" name="test_zzz_cleanup" time="2.512" /><testcase classname="tests.test_iter20_quote_calc.TestQuoteBreakdownRoundTrip" name="test_put_and_get_quote_breakdown" time="0.446" /><testcase classname="tests.test_iteration15_checklists_timeline.TestDispatchChecklistFields" name="test_montclair_checklist_counts" time="0.165" /><testcase classname="tests.test_iteration16_fleet.TestInspectionChecklistIntegration" name="test_montclair_inspection_marks_checklist" time="1.337" /><testcase classname="tests.test_iteration15_checklists_timeline.TestJobEventsFromPatch" name="test_add_and_remove_crew_and_truck_hoboken" time="1.113" /><testcase classname="tests.test_iteration18_refactor_regression.TestCrewClockInAssignment" name="test_clock_in_with_assignment_and_out" time="1.047" /><testcase classname="tests.test_iteration15_checklists_timeline.TestChecklistClockInGate" name="test_crew_toggle_requires_clock_in" time="1.281" /><testcase classname="tests.test_iteration18_refactor_regression.TestDispatchBoard" name="test_board_today" time="0.108" /><testcase classname="tests.test_new_features.TestDelayFactorsPersist" name="test_delay_factors_saved_and_shown_on_calendar" time="2.091" /><testcase classname="tests.test_iteration9_notifications_assignments.TestAssignmentsCrewFlow" name="test_create_assignment_with_crew_and_delete" time="1.221" /><testcase classname="tests.test_new_features.TestDeletedTruckHistoryPreserved" name="test_deleted_truck_still_named_on_assignment_row" time="1.201" /><testcase classname="tests.test_new_features.TestTimelogQueueAfterPunch" name="test_pending_grows_after_clock_in_and_clears_on_delete" time="4.873" /><testcase classname="tests.test_team_module.TestDirectoryHidesGhosts" name="test_no_ghost_in_directory" time="0.327" /><testcase classname="tests.test_team_module.TestCrewPromptFlow" name="test_assignment_complete_creates_prompt" time="0.863" /><testcase classname="tests.test_team_module.TestFinalRegression" name="test_still_27_badges_and_4_challenges" time="0.285" /><testcase classname="tests.test_team_module.TestCreditFlowE2E" name="test_credit_unlocks_badges" time="1.446" /><testcase classname="tests.test_team_module.TestChallengeLifecycle" name="test_owner_verified_lifecycle" time="0.692" /></testsuite></testsuites>