<?xml version="1.0" encoding="utf-8"?><testsuites name="pytest tests"><testsuite name="pytest" errors="0" failures="0" skipped="0" tests="37" time="22.782" timestamp="2026-07-26T19:32:56.847687+00:00" hostname="agent-env-33fe6187-27bd-409e-930c-6d69ed30c8ca"><testcase classname="tests.test_iteration16_fleet.TestFleetOverview" name="test_owner_can_list" time="0.460" /><testcase classname="tests.test_iteration16_fleet.TestFleetOverview" name="test_crew_forbidden" time="0.418" /><testcase classname="tests.test_iteration16_fleet.TestFleetOverview" name="test_sales_forbidden" time="0.203" /><testcase classname="tests.test_iteration16_fleet.TestFleetOverview" name="test_truck_card_shape" time="0.000" /><testcase classname="tests.test_iteration16_fleet.TestFleetOverview" name="test_truck2_seeded_state" time="0.000" /><testcase classname="tests.test_iteration16_fleet.TestTruckPatchExtended" name="test_patch_fleet_fields" time="0.221" /><testcase classname="tests.test_iteration16_fleet.TestTruckPatchExtended" name="test_invalid_fleet_status" time="0.106" /><testcase classname="tests.test_iteration16_fleet.TestTruckPatchExtended" name="test_regression_name_plate_active" time="0.100" /><testcase classname="tests.test_iteration16_fleet.TestTruckPatchExtended" name="test_crew_cannot_patch" time="0.112" /><testcase classname="tests.test_iteration16_fleet.TestInspections" name="test_crew_pass_bumps_mileage" time="0.619" /><testcase classname="tests.test_iteration16_fleet.TestInspections" name="test_crew_fail_flips_status_and_notifies" time="0.537" /><testcase classname="tests.test_iteration16_fleet.TestInspections" name="test_list_inspections_owner_full" time="0.117" /><testcase classname="tests.test_iteration16_fleet.TestInspections" name="test_list_inspections_crew_limited" time="0.106" /><testcase classname="tests.test_iteration16_fleet.TestInspections" name="test_sales_forbidden_post" time="0.101" /><testcase classname="tests.test_iteration16_fleet.TestInspections" name="test_marketing_forbidden_get" time="0.206" /><testcase classname="tests.test_iteration16_fleet.TestInspectionChecklistIntegration" name="test_montclair_inspection_marks_checklist" time="0.739" /><testcase classname="tests.test_iteration16_fleet.TestTruckLogs" name="test_owner_add_maintenance" time="0.102" /><testcase classname="tests.test_iteration16_fleet.TestTruckLogs" name="test_owner_add_fuel" time="0.104" /><testcase classname="tests.test_iteration16_fleet.TestTruckLogs" name="test_invalid_kind" time="0.095" /><testcase classname="tests.test_iteration16_fleet.TestTruckLogs" name="test_get_logs_totals" time="0.104" /><testcase classname="tests.test_iteration16_fleet.TestTruckLogs" name="test_crew_forbidden" time="0.202" /><testcase classname="tests.test_iteration16_fleet.TestTruckLogs" name="test_z_delete_logs" time="0.313" /><testcase classname="tests.test_iteration16_fleet.TestDamage" name="test_crew_report_damage_notifies_owner" time="0.239" /><testcase classname="tests.test_iteration16_fleet.TestDamage" name="test_empty_description_422" time="0.096" /><testcase classname="tests.test_iteration16_fleet.TestDamage" name="test_crew_cannot_list_damage" time="0.102" /><testcase classname="tests.test_iteration16_fleet.TestDamage" name="test_owner_can_list_damage" time="15.117" /><testcase classname="tests.test_iteration16_fleet.TestDamage" name="test_open_damage_count_reflected" time="0.159" /><testcase classname="tests.test_iteration16_fleet.TestDamage" name="test_resolve_damage" time="0.102" /><testcase classname="tests.test_iteration16_fleet.TestDamage" name="test_reopen_damage" time="0.100" /><testcase classname="tests.test_iteration16_fleet.TestDamage" name="test_z_final_resolve_cleanup" time="0.115" /><testcase classname="tests.test_iteration16_fleet.TestPhotos" name="test_crew_upload_inspection_photo" time="0.799" /><testcase classname="tests.test_iteration16_fleet.TestPhotos" name="test_owner_can_stream_photo" time="0.194" /><testcase classname="tests.test_iteration16_fleet.TestPhotos" name="test_crew_can_stream_photo" time="0.254" /><testcase classname="tests.test_iteration16_fleet.TestPhotos" name="test_sales_cannot_stream_photo" time="0.117" /><testcase classname="tests.test_iteration16_fleet.TestPhotos" name="test_bad_kind_422" time="0.106" /><testcase classname="tests.test_iteration16_fleet.TestPhotos" name="test_non_image_422" time="0.112" /><testcase classname="tests.test_iteration16_fleet.TestPhotos" name="test_photo_id_appears_in_inspection_list" time="0.101" /></testsuite></testsuites>