<?xml version="1.0" encoding="utf-8"?><testsuites name="pytest tests"><testsuite name="pytest" errors="0" failures="0" skipped="0" tests="16" time="2.967" timestamp="2026-07-26T22:47:29.451661+00:00" hostname="agent-env-33fe6187-27bd-409e-930c-6d69ed30c8ca"><testcase classname="tests.test_iteration18_refactor_regression.TestPortalUpload" name="test_upload_png_ok" time="1.060" /><testcase classname="tests.test_iteration18_refactor_regression.TestLogin" name="test_owner_login" time="0.421" /><testcase classname="tests.test_iteration18_refactor_regression.TestLogin" name="test_crew_login" time="0.316" /><testcase classname="tests.test_iteration18_refactor_regression.TestLogin" name="test_wrong_password_401" time="0.318" /><testcase classname="tests.test_iteration18_refactor_regression.TestLogin" name="test_legacy_blank_username_owner_password" time="0.095" /><testcase classname="tests.test_iteration18_refactor_regression.TestPortalUpload" name="test_upload_invalid_kind_422" time="0.143" /><testcase classname="tests.test_iteration18_refactor_regression.TestLogin" name="test_auth_me" time="0.099" /><testcase classname="tests.test_iteration18_refactor_regression.TestPortalUpload" name="test_upload_non_image_content_type_422" time="0.099" /><testcase classname="tests.test_iteration18_refactor_regression.TestJobsPatch" name="test_list_jobs" time="0.107" /><testcase classname="tests.test_iteration18_refactor_regression.TestTrackPortal" name="test_public_track_ok" time="0.112" /><testcase classname="tests.test_iteration18_refactor_regression.TestJobsPatch" name="test_patch_job_updates" time="0.204" /><testcase classname="tests.test_iteration18_refactor_regression.TestTrackPortal" name="test_track_bad_token_404" time="0.105" /><testcase classname="tests.test_iteration18_refactor_regression.TestSquareStatus" name="test_owner_gets_status" time="0.280" /><testcase classname="tests.test_iteration18_refactor_regression.TestSquareStatus" name="test_crew_forbidden" time="0.312" /><testcase classname="tests.test_iteration18_refactor_regression.TestCrewClockInAssignment" name="test_clock_in_with_assignment_and_out" time="0.936" /><testcase classname="tests.test_iteration18_refactor_regression.TestDispatchBoard" name="test_board_today" time="0.106" /></testsuite></testsuites>