<?xml version="1.0" encoding="utf-8"?><testsuites name="pytest tests"><testsuite name="pytest" errors="0" failures="0" skipped="0" tests="3" time="4.300" timestamp="2026-07-19T23:44:52.305057+00:00" hostname="agent-env-9bac0fc9-cea9-48ee-84eb-ec425db2bcba"><testcase classname="tests.test_iteration9_notifications_assignments.TestTeamNotificationLifecycle" name="test_full_task_audience_lifecycle" time="2.017" /><testcase classname="tests.test_iteration9_notifications_assignments.TestTeamNotificationLifecycle" name="test_sales_legacy_token_returns_items" time="0.425" /><testcase classname="tests.test_iteration9_notifications_assignments.TestAssignmentsCrewFlow" name="test_create_assignment_with_crew_and_delete" time="1.701" /></testsuite></testsuites>