<?xml version="1.0" encoding="utf-8"?><testsuites name="pytest tests"><testsuite name="pytest" errors="0" failures="1" skipped="0" tests="18" time="6.449" timestamp="2026-07-26T19:57:06.290242+00:00" hostname="agent-env-33fe6187-27bd-409e-930c-6d69ed30c8ca"><testcase classname="tests.test_iteration17_portal" name="test_track_public_ok" time="0.193" /><testcase classname="tests.test_iteration17_portal" name="test_track_bad_token_404" time="0.103" /><testcase classname="tests.test_iteration17_portal" name="test_portal_details_save_and_overwrite" time="0.531" /><testcase classname="tests.test_iteration17_portal" name="test_portal_details_truncates_600" time="0.293" /><testcase classname="tests.test_iteration17_portal" name="test_upload_bad_kind_422" time="0.096" /><testcase classname="tests.test_iteration17_portal" name="test_upload_bad_mime_422" time="0.100" /><testcase classname="tests.test_iteration17_portal" name="test_upload_pdf_inventory_and_photo_and_throttle" time="1.430" /><testcase classname="tests.test_iteration17_portal" name="test_upload_wrong_id_404" time="0.114" /><testcase classname="tests.test_iteration17_portal" name="test_upload_wrong_token_404" time="0.255" /><testcase classname="tests.test_iteration17_portal" name="test_upload_too_big_422" time="0.759" /><testcase classname="tests.test_iteration17_portal" name="test_tip_creates_square_link" time="0.533" /><testcase classname="tests.test_iteration17_portal" name="test_tip_bad_amounts" time="0.285" /><testcase classname="tests.test_iteration17_portal" name="test_review_bad_ratings" time="0.594" /><testcase classname="tests.test_iteration17_portal" name="test_review_three_stars_no_link" time="0.221" /><testcase classname="tests.test_iteration17_portal" name="test_owner_portal_uploads" time="0.192" /><testcase classname="tests.test_iteration17_portal" name="test_owner_portal_uploads_forbidden_for_crew" time="0.423" /><testcase classname="tests.test_iteration17_portal" name="test_integrations_owner_alert_phone_roundtrip" time="0.182"><failure message="AssertionError: PUT did not echo owner_alert_phone: {'square_location_id': '', 'square_notification_url': 'https://moving-ops-1.preview.emergentagent.com/api/webhooks/square', 'openphone_number': '', 'default_truck_pickup': '3 Slater Dr, Elizabeth, NJ', 'square_access_token_set': False, 'square_webhook_key_set': True, 'openphone_api_key_set': False, 'square_env_token_present': True}&#10;assert None == '+15550001234'">backend/tests/test_iteration17_portal.py:232: in test_integrations_owner_alert_phone_roundtrip
    assert echoed == "+15550001234", f"PUT did not echo owner_alert_phone: {r.json()}"
E   AssertionError: PUT did not echo owner_alert_phone: {'square_location_id': '', 'square_notification_url': 'https://moving-ops-1.preview.emergentagent.com/api/webhooks/square', 'openphone_number': '', 'default_truck_pickup': '3 Slater Dr, Elizabeth, NJ', 'square_access_token_set': False, 'square_webhook_key_set': True, 'openphone_api_key_set': False, 'square_env_token_present': True}
E   assert None == '+15550001234'</failure></testcase><testcase classname="tests.test_iteration17_portal" name="test_owner_notifications_have_portal" time="0.046" /></testsuite></testsuites>