<?xml version="1.0" encoding="utf-8"?><testsuites name="pytest tests"><testsuite name="pytest" errors="0" failures="0" skipped="0" tests="15" time="7.126" timestamp="2026-08-22T13:18:44.329063+00:00" hostname="agent-env-33fe6187-27bd-409e-930c-6d69ed30c8ca"><testcase classname="tests.test_iteration29_review" name="test_login_password_only_retired" time="0.239" /><testcase classname="tests.test_iteration29_review" name="test_login_owner_ok" time="0.334" /><testcase classname="tests.test_iteration29_review" name="test_login_wrong_password_once" time="0.317" /><testcase classname="tests.test_iteration29_review" name="test_money_summary_owner" time="0.121" /><testcase classname="tests.test_iteration29_review" name="test_money_summary_sales_forbidden" time="0.443" /><testcase classname="tests.test_iteration29_review" name="test_money_summary_no_auth" time="0.111" /><testcase classname="tests.test_iteration29_review" name="test_ops_facts_matches_money" time="3.965" /><testcase classname="tests.test_iteration29_review" name="test_rates_owner" time="0.124" /><testcase classname="tests.test_iteration29_review" name="test_pricing_values_owner" time="0.098" /><testcase classname="tests.test_iteration29_review" name="test_pricing_values_sales_folded" time="0.102" /><testcase classname="tests.test_iteration29_review" name="test_sales_forbidden_on_owner_tables[/tables/projects]" time="0.106" /><testcase classname="tests.test_iteration29_review" name="test_sales_forbidden_on_owner_tables[/tables/invoices]" time="0.101" /><testcase classname="tests.test_iteration29_review" name="test_sales_forbidden_on_owner_tables[/tables/subscriptions]" time="0.103" /><testcase classname="tests.test_iteration29_review" name="test_sales_forbidden_on_owner_tables[/tables/contacts]" time="0.103" /><testcase classname="tests.test_iteration29_review" name="test_crew_forbidden_on_leads" time="0.438" /></testsuite></testsuites>