<?xml version="1.0" encoding="utf-8"?><testsuites name="pytest tests"><testsuite name="pytest" errors="0" failures="0" skipped="0" tests="22" time="64.474" timestamp="2026-08-22T05:41:32.687438+00:00" hostname="agent-env-33fe6187-27bd-409e-930c-6d69ed30c8ca"><testcase classname="tests.test_iteration28_rewards_agent.TestRegression" name="test_crew_rates_untouched" time="0.561" /><testcase classname="tests.test_iteration28_rewards_agent.TestChallengeAgent" name="test_agent_status_owner" time="0.648" /><testcase classname="tests.test_iteration28_rewards_agent.TestRegression" name="test_commission_rates_endpoint_alive" time="0.097" /><testcase classname="tests.test_iteration28_rewards_agent.TestRegression" name="test_challenges_list_and_legacy" time="0.316" /><testcase classname="tests.test_iteration28_rewards_agent.TestRegression" name="test_badges_list" time="0.103" /><testcase classname="tests.test_iteration28_rewards_agent.TestRegression" name="test_leaderboard_and_hall_of_fame" time="0.509" /><testcase classname="tests.test_iteration28_rewards_agent.TestChallengeAgent" name="test_agent_status_non_owner_403" time="1.090" /><testcase classname="tests.test_iteration28_rewards_agent.TestRewardsConfig" name="test_owner_get_config_shape" time="0.092" /><testcase classname="tests.test_iteration28_rewards_agent.TestChallengeAgent" name="test_generate_drafts_owner" time="9.865" /><testcase classname="tests.test_iteration28_rewards_agent.TestRewardsConfig" name="test_sales_and_crew_get_config_403" time="2.390" /><testcase classname="tests.test_iteration28_rewards_agent.TestRewardsConfig" name="test_put_config_persists_owner" time="0.421" /><testcase classname="tests.test_iteration28_rewards_agent.TestRewardsConfig" name="test_put_config_non_owner_403" time="0.097" /><testcase classname="tests.test_iteration28_rewards_agent.TestRecognitionAndWallet" name="test_recognition_credits_points" time="0.652" /><testcase classname="tests.test_iteration28_rewards_agent.TestRecognitionAndWallet" name="test_member_cannot_view_other_wallet" time="2.407" /><testcase classname="tests.test_iteration28_rewards_agent.TestRecognitionAndWallet" name="test_non_owner_cannot_moderate_rewards" time="56.183" /><testcase classname="tests.test_iteration28_rewards_agent.TestChallengeAgent" name="test_generate_403_non_owner" time="19.764" /><testcase classname="tests.test_iteration28_rewards_agent.TestChallengeAgent" name="test_drafts_list" time="4.224" /><testcase classname="tests.test_iteration28_rewards_agent.TestChallengeAgent" name="test_patch_draft_over_cap_guardrail" time="1.155" /><testcase classname="tests.test_iteration28_rewards_agent.TestChallengeAgent" name="test_reject_draft" time="20.856" /><testcase classname="tests.test_iteration28_rewards_agent.TestChallengeValidation" name="test_reward_amount_over_cap_422" time="0.113" /><testcase classname="tests.test_iteration28_rewards_agent.TestRedemption" name="test_catalog_lists_seeds" time="0.098" /><testcase classname="tests.test_iteration28_rewards_agent.TestRedemption" name="test_redeem_requires_user_account" time="0.099" /></testsuite></testsuites>