<?xml version="1.0" encoding="utf-8"?><testsuites name="pytest tests"><testsuite name="pytest" errors="0" failures="0" skipped="0" tests="19" time="3.557" timestamp="2026-07-19T22:52:02.224122+00:00" hostname="agent-env-9bac0fc9-cea9-48ee-84eb-ec425db2bcba"><testcase classname="tests.test_todo_blog_sharing.TestSetTaskAudience" name="test_owner_sets_audience_filters_invalid_groups_and_sorts" time="0.512" /><testcase classname="tests.test_todo_blog_sharing.TestSetTaskAudience" name="test_reset_to_empty_audience" time="0.247" /><testcase classname="tests.test_todo_blog_sharing.TestSetTaskAudience" name="test_crew_forbidden" time="0.437" /><testcase classname="tests.test_todo_blog_sharing.TestSetTaskAudience" name="test_sales_forbidden" time="0.215" /><testcase classname="tests.test_todo_blog_sharing.TestSetTaskAudience" name="test_marketing_forbidden" time="0.219" /><testcase classname="tests.test_todo_blog_sharing.TestNonOwnerTableAccess" name="test_crew_has_table_access_gets_503_no_403[tasks]" time="0.096" /><testcase classname="tests.test_todo_blog_sharing.TestNonOwnerTableAccess" name="test_crew_has_table_access_gets_503_no_403[blog]" time="0.099" /><testcase classname="tests.test_todo_blog_sharing.TestNonOwnerTableAccess" name="test_marketing_has_table_access_gets_503_no_403[tasks]" time="0.106" /><testcase classname="tests.test_todo_blog_sharing.TestNonOwnerTableAccess" name="test_marketing_has_table_access_gets_503_no_403[blog]" time="0.095" /><testcase classname="tests.test_todo_blog_sharing.TestNonOwnerTableAccess" name="test_sales_has_table_access_gets_503_no_403[tasks]" time="0.275" /><testcase classname="tests.test_todo_blog_sharing.TestNonOwnerTableAccess" name="test_sales_has_table_access_gets_503_no_403[blog]" time="0.092" /><testcase classname="tests.test_todo_blog_sharing.TestNonOwnerTableAccess" name="test_marketing_still_403_on_leads" time="0.100" /><testcase classname="tests.test_todo_blog_sharing.TestTaskGuards" name="test_crew_cannot_create_task" time="0.105" /><testcase classname="tests.test_todo_blog_sharing.TestTaskGuards" name="test_crew_patch_non_status_field_forbidden" time="0.108" /><testcase classname="tests.test_todo_blog_sharing.TestTaskGuards" name="test_crew_patch_status_only_but_not_shared" time="0.099" /><testcase classname="tests.test_todo_blog_sharing.TestTaskGuards" name="test_crew_patch_status_after_owner_shares_passes_gating" time="0.321" /><testcase classname="tests.test_todo_blog_sharing.TestBlogGuard" name="test_marketing_cannot_patch_blog" time="0.099" /><testcase classname="tests.test_todo_blog_sharing.TestBlogGuard" name="test_sales_cannot_patch_blog" time="0.098" /><testcase classname="tests.test_todo_blog_sharing.TestBlogGuard" name="test_crew_cannot_create_blog" time="0.096" /></testsuite></testsuites>