<?xml version="1.0" encoding="utf-8"?><testsuites name="pytest tests"><testsuite name="pytest" errors="0" failures="0" skipped="0" tests="20" time="3.221" timestamp="2026-07-19T21:01:57.592165+00:00" hostname="agent-env-9bac0fc9-cea9-48ee-84eb-ec425db2bcba"><testcase classname="tests.test_marketing_module.TestAdSpendCRUD" name="test_create_ad_spend" time="0.698" /><testcase classname="tests.test_marketing_module.TestMarketingPermissions" name="test_marketing_overview" time="0.800" /><testcase classname="tests.test_marketing_module.TestAdSpendCRUD" name="test_get_after_create" time="0.106" /><testcase classname="tests.test_marketing_module.TestMarketingPermissions" name="test_marketing_ad_spend_list" time="0.107" /><testcase classname="tests.test_marketing_module.TestAdSpendCRUD" name="test_create_ad_spend_zero_amount" time="0.196" /><testcase classname="tests.test_marketing_module.TestMarketingPermissions" name="test_marketing_thresholds_get" time="0.134" /><testcase classname="tests.test_marketing_module.TestAdSpendCRUD" name="test_create_ad_spend_missing_campaign" time="0.101" /><testcase classname="tests.test_marketing_module.TestMarketingPermissions" name="test_marketing_review_requests" time="0.142" /><testcase classname="tests.test_marketing_module.TestAdSpendCRUD" name="test_create_ad_spend_bad_date_range" time="0.133" /><testcase classname="tests.test_marketing_module.TestMarketingPermissions" name="test_marketing_forbidden_margin" time="0.109" /><testcase classname="tests.test_marketing_module.TestAdSpendCRUD" name="test_delete_ad_spend" time="0.230" /><testcase classname="tests.test_marketing_module.TestMarketingPermissions" name="test_marketing_forbidden_leads_table" time="0.097" /><testcase classname="tests.test_marketing_module.TestThresholds" name="test_put_thresholds_marketing_forbidden" time="0.094" /><testcase classname="tests.test_marketing_module.TestUserDefaultPassword" name="test_create_user_without_password" time="0.327" /><testcase classname="tests.test_marketing_module.TestThresholds" name="test_put_thresholds_owner_success" time="0.403" /><testcase classname="tests.test_marketing_module.TestUserDefaultPassword" name="test_login_with_default_password" time="0.320" /><testcase classname="tests.test_marketing_module.TestThresholds" name="test_put_thresholds_negative_rejected" time="0.228" /><testcase classname="tests.test_marketing_module.TestUserDefaultPassword" name="test_cleanup_user" time="0.002" /><testcase classname="tests.test_marketing_module.TestReviewRequestsPatch" name="test_patch_review_received_and_stars" time="0.413" /><testcase classname="tests.test_marketing_module.TestReviewRequestsPatch" name="test_patch_stars_out_of_range" time="0.296" /></testsuite></testsuites>