<?xml version="1.0" encoding="utf-8"?><testsuites name="pytest tests"><testsuite name="pytest" errors="0" failures="0" skipped="0" tests="13" time="9.216" timestamp="2026-07-19T04:27:36.738417+00:00" hostname="agent-env-9bac0fc9-cea9-48ee-84eb-ec425db2bcba"><testcase classname="tests.test_new_features.TestTrucksPlateAndDelete" name="test_list_trucks_exposes_plate" time="0.428" /><testcase classname="tests.test_new_features.TestTrucksPlateAndDelete" name="test_create_truck_with_plate_then_patch_then_delete" time="0.498" /><testcase classname="tests.test_new_features.TestTrucksPlateAndDelete" name="test_delete_nonexistent_truck_404" time="0.089" /><testcase classname="tests.test_new_features.TestTimelogStatus" name="test_owner_can_read_status_and_key_is_missing" time="0.105" /><testcase classname="tests.test_new_features.TestTimelogStatus" name="test_crew_gets_403_on_timelog_status" time="0.702" /><testcase classname="tests.test_new_features.TestCalendarJobs" name="test_owner_can_read_calendar_current_month" time="0.092" /><testcase classname="tests.test_new_features.TestCalendarJobs" name="test_bad_month_param_returns_422" time="0.090" /><testcase classname="tests.test_new_features.TestCalendarJobs" name="test_crew_gets_403_on_calendar" time="0.094" /><testcase classname="tests.test_new_features.TestAssignmentJobSize" name="test_create_assignment_with_job_size_and_verify_calendar" time="0.645" /><testcase classname="tests.test_new_features.TestAssignmentJobSize" name="test_invalid_job_size_rejected" time="0.323" /><testcase classname="tests.test_new_features.TestDelayFactorsPersist" name="test_delay_factors_saved_and_shown_on_calendar" time="1.358" /><testcase classname="tests.test_new_features.TestTimelogQueueAfterPunch" name="test_pending_grows_after_clock_in_and_clears_on_delete" time="4.064" /><testcase classname="tests.test_new_features.TestDeletedTruckHistoryPreserved" name="test_deleted_truck_still_named_on_assignment_row" time="0.654" /></testsuite></testsuites>