<?xml version="1.0" encoding="utf-8"?><testsuites name="pytest tests"><testsuite name="pytest" errors="0" failures="0" skipped="0" tests="25" time="3.029" timestamp="2026-07-18T22:19:30.576974+00:00" hostname="agent-env-9bac0fc9-cea9-48ee-84eb-ec425db2bcba"><testcase classname="tests.test_auth.TestRoles" name="test_sales_login_returns_sales_role" time="0.173" /><testcase classname="tests.test_auth.TestMe" name="test_me_with_valid_token" time="0.272" /><testcase classname="tests.test_auth.TestRoles" name="test_employee_login_returns_employee_role" time="0.140" /><testcase classname="tests.test_auth.TestMe" name="test_me_without_auth_header_returns_401" time="0.101" /><testcase classname="tests.test_auth.TestRoles" name="test_owner_login_returns_owner_role" time="0.093" /><testcase classname="tests.test_auth.TestMe" name="test_me_with_garbage_token_returns_401" time="0.095" /><testcase classname="tests.test_auth.TestRoles" name="test_sales_blocked_from_money_tables" time="0.719" /><testcase classname="tests.test_auth.TestMe" name="test_me_with_malformed_auth_header_returns_401" time="0.102" /><testcase classname="tests.test_auth.TestMe" name="test_me_with_token_signed_by_wrong_secret" time="0.095" /><testcase classname="tests.test_auth.TestMe" name="test_me_with_expired_token" time="0.097" /><testcase classname="tests.test_auth.TestMe" name="test_me_with_wrong_token_type" time="0.102" /><testcase classname="tests.test_auth.TestLogin" name="test_login_wrong_password_returns_401" time="0.091" /><testcase classname="tests.test_auth.TestLogin" name="test_login_correct_password_returns_jwt" time="0.000" /><testcase classname="tests.test_auth.TestLogin" name="test_login_empty_body_returns_422" time="0.132" /><testcase classname="tests.test_auth.TestLogin" name="test_login_missing_password_field_returns_422" time="0.126" /><testcase classname="tests.test_auth.TestRoles" name="test_employee_blocked_from_other_tables" time="0.638" /><testcase classname="tests.test_auth.TestLogin" name="test_login_empty_password_string_returns_401" time="0.109" /><testcase classname="tests.test_auth.TestProtectedRoutes" name="test_leads_without_token_returns_401" time="0.089" /><testcase classname="tests.test_auth.TestProtectedRoutes" name="test_leads_with_token_passes_auth_and_returns_503_missing_key" time="0.131" /><testcase classname="tests.test_auth.TestProtectedRoutes" name="test_health_without_token_returns_401" time="0.093" /><testcase classname="tests.test_auth.TestProtectedRoutes" name="test_health_with_token_returns_200" time="0.136" /><testcase classname="tests.test_auth.TestRoles" name="test_sales_can_reach_leads_route" time="0.225" /><testcase classname="tests.test_auth.TestProtectedRoutes" name="test_unknown_table_returns_404" time="0.131" /><testcase classname="tests.test_auth.TestRoles" name="test_employee_can_reach_projects_and_tasks" time="0.310" /><testcase classname="tests.test_auth.TestRoles" name="test_airtable_verify_is_owner_only" time="0.188" /></testsuite></testsuites>