<?xml version="1.0" encoding="utf-8"?><testsuites name="pytest tests"><testsuite name="pytest" errors="0" failures="0" skipped="0" tests="6" time="2.081" timestamp="2026-08-21T19:17:09.145267+00:00" hostname="agent-env-33fe6187-27bd-409e-930c-6d69ed30c8ca"><testcase classname="tests.test_scope_v2_regression" name="test_rates_owner_200_and_45_plus_keys" time="0.275" /><testcase classname="tests.test_scope_v2_regression" name="test_rates_sales_403" time="0.270" /><testcase classname="tests.test_scope_v2_regression" name="test_rates_unauth_401" time="0.159" /><testcase classname="tests.test_scope_v2_regression" name="test_pricing_values_sales_folding" time="0.310" /><testcase classname="tests.test_scope_v2_regression" name="test_pricing_values_owner" time="0.266" /><testcase classname="tests.test_scope_v2_regression" name="test_save_scope_sales_final_mode_forbidden" time="0.297" /></testsuite></testsuites>